{"C:\\Users\\User\\Documents\\GitHub\\stellar-burgers\\src\\index.tsx": {"path":"C:\\Users\\User\\Documents\\GitHub\\stellar-burgers\\src\\index.tsx","statementMap":{"0":{"start":{"line":1,"column":0},"end":{"line":1,"column":26}},"1":{"start":{"line":2,"column":0},"end":{"line":2,"column":51}},"2":{"start":{"line":3,"column":0},"end":{"line":3,"column":39}},"3":{"start":{"line":4,"column":0},"end":{"line":4,"column":49}},"4":{"start":{"line":5,"column":0},"end":{"line":5,"column":39}},"5":{"start":{"line":6,"column":0},"end":{"line":6,"column":37}},"6":{"start":{"line":8,"column":18},"end":{"line":8,"column":64}},"7":{"start":{"line":9,"column":13},"end":{"line":9,"column":50}},"8":{"start":{"line":11,"column":0},"end":{"line":19,"column":2}}},"fnMap":{},"branchMap":{},"s":{"0":0,"1":0,"2":0,"3":0,"4":0,"5":0,"6":0,"7":0,"8":0},"f":{},"b":{}}
,"C:\\Users\\User\\Documents\\GitHub\\stellar-burgers\\src\\styles.d.ts": {"path":"C:\\Users\\User\\Documents\\GitHub\\stellar-burgers\\src\\styles.d.ts","statementMap":{},"fnMap":{},"branchMap":{},"s":{},"f":{},"b":{}}
,"C:\\Users\\User\\Documents\\GitHub\\stellar-burgers\\src\\svg.d.ts": {"path":"C:\\Users\\User\\Documents\\GitHub\\stellar-burgers\\src\\svg.d.ts","statementMap":{},"fnMap":{},"branchMap":{},"s":{},"f":{},"b":{}}
,"C:\\Users\\User\\Documents\\GitHub\\stellar-burgers\\src\\components\\OrderInfoModal\\OrderInfoModal.tsx": {"path":"C:\\Users\\User\\Documents\\GitHub\\stellar-burgers\\src\\components\\OrderInfoModal\\OrderInfoModal.tsx","statementMap":{"0":{"start":{"line":2,"column":0},"end":{"line":2,"column":45}},"1":{"start":{"line":3,"column":0},"end":{"line":3,"column":36}},"2":{"start":{"line":5,"column":78},"end":{"line":16,"column":1}},"3":{"start":{"line":6,"column":9},"end":{"line":6,"column":null}},"4":{"start":{"line":7,"column":10},"end":{"line":7,"column":null}},"5":{"start":{"line":9,"column":21},"end":{"line":9,"column":53}},"6":{"start":{"line":10,"column":16},"end":{"line":10,"column":73}},"7":{"start":{"line":11,"column":2},"end":{"line":15,"column":4}},"8":{"start":{"line":5,"column":13},"end":{"line":5,"column":78}}},"fnMap":{"0":{"name":"(anonymous_0)","decl":{"start":{"line":5,"column":78},"end":{"line":5,"column":79}},"loc":{"start":{"line":8,"column":1},"end":{"line":16,"column":1}}}},"branchMap":{"0":{"loc":{"start":{"line":10,"column":16},"end":{"line":10,"column":73}},"type":"cond-expr","locations":[{"start":{"line":10,"column":25},"end":{"line":10,"column":68}},{"start":{"line":10,"column":71},"end":{"line":10,"column":73}}]}},"s":{"0":0,"1":0,"2":0,"3":0,"4":0,"5":0,"6":0,"7":0,"8":0},"f":{"0":0},"b":{"0":[0,0]}}
,"C:\\Users\\User\\Documents\\GitHub\\stellar-burgers\\src\\components\\app\\app.tsx": {"path":"C:\\Users\\User\\Documents\\GitHub\\stellar-burgers\\src\\components\\app\\app.tsx","statementMap":{"0":{"start":{"line":1,"column":0},"end":{"line":1,"column":null}},"1":{"start":{"line":12,"column":0},"end":{"line":12,"column":25}},"2":{"start":{"line":13,"column":0},"end":{"line":13,"column":38}},"3":{"start":{"line":15,"column":0},"end":{"line":15,"column":77}},"4":{"start":{"line":16,"column":0},"end":{"line":16,"column":66}},"5":{"start":{"line":17,"column":0},"end":{"line":17,"column":75}},"6":{"start":{"line":18,"column":0},"end":{"line":18,"column":69}},"7":{"start":{"line":19,"column":0},"end":{"line":19,"column":47}},"8":{"start":{"line":20,"column":0},"end":{"line":20,"column":64}},"9":{"start":{"line":21,"column":0},"end":{"line":21,"column":53}},"10":{"start":{"line":23,"column":0},"end":{"line":23,"column":81}},"11":{"start":{"line":24,"column":0},"end":{"line":24,"column":65}},"12":{"start":{"line":26,"column":12},"end":{"line":148,"column":1}},"13":{"start":{"line":27,"column":19},"end":{"line":27,"column":32}},"14":{"start":{"line":28,"column":19},"end":{"line":28,"column":32}},"15":{"start":{"line":29,"column":19},"end":{"line":29,"column":32}},"16":{"start":{"line":30,"column":29},"end":{"line":30,"column":55}},"17":{"start":{"line":31,"column":37},"end":{"line":31,"column":67}},"18":{"start":{"line":33,"column":23},"end":{"line":35,"column":16}},"19":{"start":{"line":34,"column":4},"end":{"line":34,"column":17}},"20":{"start":{"line":37,"column":2},"end":{"line":39,"column":17}},"21":{"start":{"line":38,"column":4},"end":{"line":38,"column":30}},"22":{"start":{"line":41,"column":2},"end":{"line":45,"column":37}},"23":{"start":{"line":42,"column":4},"end":{"line":44,"column":5}},"24":{"start":{"line":43,"column":6},"end":{"line":43,"column":38}},"25":{"start":{"line":47,"column":2},"end":{"line":147,"column":4}},"26":{"start":{"line":150,"column":0},"end":{"line":150,"column":19}}},"fnMap":{"0":{"name":"(anonymous_1)","decl":{"start":{"line":26,"column":12},"end":{"line":26,"column":null}},"loc":{"start":{"line":26,"column":12},"end":{"line":148,"column":1}}},"1":{"name":"(anonymous_2)","decl":{"start":{"line":33,"column":35},"end":{"line":33,"column":null}},"loc":{"start":{"line":33,"column":35},"end":{"line":35,"column":3}}},"2":{"name":"(anonymous_3)","decl":{"start":{"line":37,"column":12},"end":{"line":37,"column":null}},"loc":{"start":{"line":37,"column":12},"end":{"line":39,"column":3}}},"3":{"name":"(anonymous_4)","decl":{"start":{"line":41,"column":12},"end":{"line":41,"column":null}},"loc":{"start":{"line":41,"column":12},"end":{"line":45,"column":3}}}},"branchMap":{"0":{"loc":{"start":{"line":30,"column":29},"end":{"line":30,"column":55}},"type":"cond-expr","locations":[{"start":{"line":30,"column":43},"end":{"line":30,"column":45}},{"start":{"line":30,"column":43},"end":{"line":30,"column":55}}]},"1":{"loc":{"start":{"line":30,"column":29},"end":{"line":30,"column":45}},"type":"binary-expr","locations":[{"start":{"line":30,"column":29},"end":{"line":30,"column":45}},{"start":{"line":30,"column":43},"end":{"line":30,"column":45}}]},"2":{"loc":{"start":{"line":42,"column":4},"end":{"line":44,"column":5}},"type":"if","locations":[{"start":{"line":42,"column":4},"end":{"line":44,"column":5}}]},"3":{"loc":{"start":{"line":50,"column":24},"end":{"line":50,"column":54}},"type":"binary-expr","locations":[{"start":{"line":50,"column":24},"end":{"line":50,"column":42}},{"start":{"line":50,"column":46},"end":{"line":50,"column":54}}]},"4":{"loc":{"start":{"line":114,"column":7},"end":{"line":144,"column":null}},"type":"binary-expr","locations":[{"start":{"line":114,"column":7},"end":{"line":114,"column":25}},{"start":{"line":115,"column":8},"end":{"line":143,"column":null}}]}},"s":{"0":0,"1":0,"2":0,"3":0,"4":0,"5":0,"6":0,"7":0,"8":0,"9":0,"10":0,"11":0,"12":0,"13":0,"14":0,"15":0,"16":0,"17":0,"18":0,"19":0,"20":0,"21":0,"22":0,"23":0,"24":0,"25":0,"26":0},"f":{"0":0,"1":0,"2":0,"3":0},"b":{"0":[0,0],"1":[0,0],"2":[0],"3":[0,0],"4":[0,0]}}
,"C:\\Users\\User\\Documents\\GitHub\\stellar-burgers\\src\\components\\app-header\\app-header.tsx": {"path":"C:\\Users\\User\\Documents\\GitHub\\stellar-burgers\\src\\components\\app-header\\app-header.tsx","statementMap":{"0":{"start":{"line":2,"column":0},"end":{"line":2,"column":34}},"1":{"start":{"line":3,"column":0},"end":{"line":3,"column":51}},"2":{"start":{"line":4,"column":0},"end":{"line":4,"column":62}},"3":{"start":{"line":6,"column":29},"end":{"line":10,"column":1}},"4":{"start":{"line":7,"column":19},"end":{"line":7,"column":48}},"5":{"start":{"line":9,"column":2},"end":{"line":9,"column":61}},"6":{"start":{"line":6,"column":13},"end":{"line":6,"column":29}}},"fnMap":{"0":{"name":"(anonymous_0)","decl":{"start":{"line":6,"column":29},"end":{"line":6,"column":null}},"loc":{"start":{"line":6,"column":29},"end":{"line":10,"column":1}}}},"branchMap":{"0":{"loc":{"start":{"line":7,"column":19},"end":{"line":7,"column":48}},"type":"cond-expr","locations":[{"start":{"line":7,"column":42},"end":{"line":7,"column":44}},{"start":{"line":7,"column":42},"end":{"line":7,"column":48}}]},"1":{"loc":{"start":{"line":7,"column":19},"end":{"line":7,"column":44}},"type":"binary-expr","locations":[{"start":{"line":7,"column":19},"end":{"line":7,"column":44}},{"start":{"line":7,"column":42},"end":{"line":7,"column":44}}]},"2":{"loc":{"start":{"line":9,"column":32},"end":{"line":9,"column":56}},"type":"cond-expr","locations":[{"start":{"line":9,"column":43},"end":{"line":9,"column":51}},{"start":{"line":9,"column":54},"end":{"line":9,"column":56}}]}},"s":{"0":0,"1":0,"2":0,"3":0,"4":0,"5":0,"6":0},"f":{"0":0},"b":{"0":[0,0],"1":[0,0],"2":[0,0]}}
,"C:\\Users\\User\\Documents\\GitHub\\stellar-burgers\\src\\components\\burger-constructor\\burger-constructor.tsx": {"path":"C:\\Users\\User\\Documents\\GitHub\\stellar-burgers\\src\\components\\burger-constructor\\burger-constructor.tsx","statementMap":{"0":{"start":{"line":1,"column":0},"end":{"line":1,"column":36}},"1":{"start":{"line":3,"column":0},"end":{"line":3,"column":42}},"2":{"start":{"line":5,"column":0},"end":{"line":5,"column":64}},"3":{"start":{"line":6,"column":0},"end":{"line":6,"column":null}},"4":{"start":{"line":11,"column":0},"end":{"line":11,"column":60}},"5":{"start":{"line":12,"column":0},"end":{"line":12,"column":60}},"6":{"start":{"line":13,"column":0},"end":{"line":13,"column":null}},"7":{"start":{"line":17,"column":0},"end":{"line":17,"column":62}},"8":{"start":{"line":19,"column":37},"end":{"line":81,"column":1}},"9":{"start":{"line":20,"column":19},"end":{"line":20,"column":32}},"10":{"start":{"line":21,"column":19},"end":{"line":21,"column":32}},"11":{"start":{"line":22,"column":19},"end":{"line":22,"column":32}},"12":{"start":{"line":23,"column":15},"end":{"line":23,"column":38}},"13":{"start":{"line":25,"column":21},"end":{"line":25,"column":57}},"14":{"start":{"line":27,"column":23},"end":{"line":27,"column":54}},"15":{"start":{"line":28,"column":25},"end":{"line":28,"column":58}},"16":{"start":{"line":30,"column":23},"end":{"line":55,"column":3}},"17":{"start":{"line":31,"column":4},"end":{"line":31,"column":48}},"18":{"start":{"line":31,"column":41},"end":{"line":31,"column":48}},"19":{"start":{"line":33,"column":4},"end":{"line":44,"column":5}},"20":{"start":{"line":34,"column":6},"end":{"line":43,"column":9}},"21":{"start":{"line":46,"column":17},"end":{"line":50,"column":6}},"22":{"start":{"line":48,"column":52},"end":{"line":48,"column":67}},"23":{"start":{"line":52,"column":4},"end":{"line":54,"column":7}},"24":{"start":{"line":53,"column":6},"end":{"line":53,"column":30}},"25":{"start":{"line":57,"column":26},"end":{"line":59,"column":3}},"26":{"start":{"line":58,"column":4},"end":{"line":58,"column":33}},"27":{"start":{"line":61,"column":16},"end":{"line":68,"column":null}},"28":{"start":{"line":63,"column":6},"end":{"line":67,"column":null}},"29":{"start":{"line":65,"column":50},"end":{"line":65,"column":null}},"30":{"start":{"line":71,"column":2},"end":{"line":80,"column":4}},"31":{"start":{"line":19,"column":13},"end":{"line":19,"column":37}}},"fnMap":{"0":{"name":"(anonymous_3)","decl":{"start":{"line":19,"column":37},"end":{"line":19,"column":null}},"loc":{"start":{"line":19,"column":37},"end":{"line":81,"column":1}}},"1":{"name":"(anonymous_4)","decl":{"start":{"line":30,"column":23},"end":{"line":30,"column":null}},"loc":{"start":{"line":30,"column":23},"end":{"line":55,"column":3}}},"2":{"name":"(anonymous_5)","decl":{"start":{"line":48,"column":36},"end":{"line":48,"column":37}},"loc":{"start":{"line":48,"column":47},"end":{"line":48,"column":62}}},"3":{"name":"(anonymous_6)","decl":{"start":{"line":52,"column":48},"end":{"line":52,"column":null}},"loc":{"start":{"line":52,"column":48},"end":{"line":54,"column":5}}},"4":{"name":"(anonymous_7)","decl":{"start":{"line":57,"column":26},"end":{"line":57,"column":null}},"loc":{"start":{"line":57,"column":26},"end":{"line":59,"column":3}}},"5":{"name":"(anonymous_8)","decl":{"start":{"line":62,"column":4},"end":{"line":62,"column":null}},"loc":{"start":{"line":62,"column":4},"end":{"line":63,"column":7}}},"6":{"name":"(anonymous_9)","decl":{"start":{"line":65,"column":8},"end":{"line":65,"column":9}},"loc":{"start":{"line":65,"column":45},"end":{"line":65,"column":51}}}},"branchMap":{"0":{"loc":{"start":{"line":31,"column":4},"end":{"line":31,"column":48}},"type":"if","locations":[{"start":{"line":31,"column":4},"end":{"line":31,"column":48}}]},"1":{"loc":{"start":{"line":31,"column":8},"end":{"line":31,"column":39}},"type":"binary-expr","locations":[{"start":{"line":31,"column":8},"end":{"line":31,"column":23}},{"start":{"line":31,"column":27},"end":{"line":31,"column":39}}]},"2":{"loc":{"start":{"line":33,"column":4},"end":{"line":44,"column":5}},"type":"if","locations":[{"start":{"line":33,"column":4},"end":{"line":44,"column":5}}]},"3":{"loc":{"start":{"line":39,"column":24},"end":{"line":39,"column":50}},"type":"cond-expr","locations":[{"start":{"line":39,"column":38},"end":{"line":39,"column":40}},{"start":{"line":39,"column":38},"end":{"line":39,"column":50}}]},"4":{"loc":{"start":{"line":39,"column":24},"end":{"line":39,"column":40}},"type":"binary-expr","locations":[{"start":{"line":39,"column":24},"end":{"line":39,"column":40}},{"start":{"line":39,"column":38},"end":{"line":39,"column":40}}]},"5":{"loc":{"start":{"line":63,"column":7},"end":{"line":63,"column":52}},"type":"cond-expr","locations":[{"start":{"line":63,"column":24},"end":{"line":63,"column":48}},{"start":{"line":63,"column":51},"end":{"line":63,"column":52}}]}},"s":{"0":0,"1":0,"2":0,"3":0,"4":0,"5":0,"6":0,"7":0,"8":0,"9":0,"10":0,"11":0,"12":0,"13":0,"14":0,"15":0,"16":0,"17":0,"18":0,"19":0,"20":0,"21":0,"22":0,"23":0,"24":0,"25":0,"26":0,"27":0,"28":0,"29":0,"30":0,"31":0},"f":{"0":0,"1":0,"2":0,"3":0,"4":0,"5":0,"6":0},"b":{"0":[0],"1":[0,0],"2":[0],"3":[0,0],"4":[0,0],"5":[0,0]}}
,"C:\\Users\\User\\Documents\\GitHub\\stellar-burgers\\src\\components\\burger-constructor-element\\burger-constructor-element.tsx": {"path":"C:\\Users\\User\\Documents\\GitHub\\stellar-burgers\\src\\components\\burger-constructor-element\\burger-constructor-element.tsx","statementMap":{"0":{"start":{"line":1,"column":0},"end":{"line":1,"column":33}},"1":{"start":{"line":2,"column":0},"end":{"line":2,"column":49}},"2":{"start":{"line":4,"column":0},"end":{"line":4,"column":51}},"3":{"start":{"line":5,"column":0},"end":{"line":5,"column":null}},"4":{"start":{"line":10,"column":13},"end":{"line":39,"column":2}},"5":{"start":{"line":11,"column":15},"end":{"line":11,"column":17}},"6":{"start":{"line":11,"column":22},"end":{"line":11,"column":24}},"7":{"start":{"line":11,"column":34},"end":{"line":11,"column":36}},"8":{"start":{"line":12,"column":21},"end":{"line":12,"column":34}},"9":{"start":{"line":14,"column":27},"end":{"line":16,"column":5}},"10":{"start":{"line":15,"column":6},"end":{"line":15,"column":68}},"11":{"start":{"line":18,"column":25},"end":{"line":20,"column":5}},"12":{"start":{"line":19,"column":6},"end":{"line":19,"column":68}},"13":{"start":{"line":22,"column":24},"end":{"line":26,"column":5}},"14":{"start":{"line":23,"column":6},"end":{"line":25,"column":7}},"15":{"start":{"line":24,"column":8},"end":{"line":24,"column":50}},"16":{"start":{"line":28,"column":4},"end":{"line":37,"column":6}}},"fnMap":{"0":{"name":"(anonymous_0)","decl":{"start":{"line":11,"column":2},"end":{"line":11,"column":3}},"loc":{"start":{"line":11,"column":36},"end":{"line":38,"column":3}}},"1":{"name":"(anonymous_1)","decl":{"start":{"line":14,"column":27},"end":{"line":14,"column":null}},"loc":{"start":{"line":14,"column":27},"end":{"line":16,"column":5}}},"2":{"name":"(anonymous_2)","decl":{"start":{"line":18,"column":25},"end":{"line":18,"column":null}},"loc":{"start":{"line":18,"column":25},"end":{"line":20,"column":5}}},"3":{"name":"(anonymous_3)","decl":{"start":{"line":22,"column":24},"end":{"line":22,"column":null}},"loc":{"start":{"line":22,"column":24},"end":{"line":26,"column":5}}}},"branchMap":{"0":{"loc":{"start":{"line":23,"column":6},"end":{"line":25,"column":7}},"type":"if","locations":[{"start":{"line":23,"column":6},"end":{"line":25,"column":7}}]},"1":{"loc":{"start":{"line":23,"column":10},"end":{"line":23,"column":65}},"type":"binary-expr","locations":[{"start":{"line":23,"column":10},"end":{"line":23,"column":28}},{"start":{"line":23,"column":32},"end":{"line":23,"column":65}}]}},"s":{"0":0,"1":0,"2":0,"3":0,"4":0,"5":0,"6":0,"7":0,"8":0,"9":0,"10":0,"11":0,"12":0,"13":0,"14":0,"15":0,"16":0},"f":{"0":0,"1":0,"2":0,"3":0},"b":{"0":[0],"1":[0,0]}}
,"C:\\Users\\User\\Documents\\GitHub\\stellar-burgers\\src\\components\\burger-ingredient\\burger-ingredient.tsx": {"path":"C:\\Users\\User\\Documents\\GitHub\\stellar-burgers\\src\\components\\burger-ingredient\\burger-ingredient.tsx","statementMap":{"0":{"start":{"line":1,"column":0},"end":{"line":1,"column":33}},"1":{"start":{"line":2,"column":0},"end":{"line":2,"column":47}},"2":{"start":{"line":4,"column":0},"end":{"line":4,"column":41}},"3":{"start":{"line":6,"column":0},"end":{"line":6,"column":51}},"4":{"start":{"line":7,"column":0},"end":{"line":7,"column":77}},"5":{"start":{"line":9,"column":13},"end":{"line":27,"column":2}},"6":{"start":{"line":10,"column":15},"end":{"line":10,"column":17}},"7":{"start":{"line":10,"column":22},"end":{"line":10,"column":24}},"8":{"start":{"line":11,"column":21},"end":{"line":11,"column":34}},"9":{"start":{"line":12,"column":21},"end":{"line":12,"column":34}},"10":{"start":{"line":14,"column":22},"end":{"line":16,"column":5}},"11":{"start":{"line":15,"column":6},"end":{"line":15,"column":42}},"12":{"start":{"line":18,"column":4},"end":{"line":25,"column":6}}},"fnMap":{"0":{"name":"(anonymous_0)","decl":{"start":{"line":10,"column":2},"end":{"line":10,"column":3}},"loc":{"start":{"line":10,"column":24},"end":{"line":26,"column":3}}},"1":{"name":"(anonymous_1)","decl":{"start":{"line":14,"column":22},"end":{"line":14,"column":null}},"loc":{"start":{"line":14,"column":22},"end":{"line":16,"column":5}}}},"branchMap":{},"s":{"0":0,"1":0,"2":0,"3":0,"4":0,"5":0,"6":0,"7":0,"8":0,"9":0,"10":0,"11":0,"12":0},"f":{"0":0,"1":0},"b":{}}
,"C:\\Users\\User\\Documents\\GitHub\\stellar-burgers\\src\\components\\burger-ingredients\\burger-ingredients.tsx": {"path":"C:\\Users\\User\\Documents\\GitHub\\stellar-burgers\\src\\components\\burger-ingredients\\burger-ingredients.tsx","statementMap":{"0":{"start":{"line":1,"column":0},"end":{"line":1,"column":65}},"1":{"start":{"line":2,"column":0},"end":{"line":2,"column":56}},"2":{"start":{"line":5,"column":0},"end":{"line":5,"column":42}},"3":{"start":{"line":6,"column":0},"end":{"line":6,"column":51}},"4":{"start":{"line":7,"column":0},"end":{"line":7,"column":81}},"5":{"start":{"line":9,"column":37},"end":{"line":77,"column":1}},"6":{"start":{"line":10,"column":37},"end":{"line":10,"column":67}},"7":{"start":{"line":12,"column":15},"end":{"line":14,"column":null}},"8":{"start":{"line":13,"column":10},"end":{"line":13,"column":null}},"9":{"start":{"line":13,"column":51},"end":{"line":13,"column":70}},"10":{"start":{"line":16,"column":16},"end":{"line":18,"column":null}},"11":{"start":{"line":17,"column":10},"end":{"line":17,"column":null}},"12":{"start":{"line":17,"column":51},"end":{"line":17,"column":71}},"13":{"start":{"line":20,"column":17},"end":{"line":22,"column":null}},"14":{"start":{"line":21,"column":10},"end":{"line":21,"column":null}},"15":{"start":{"line":21,"column":51},"end":{"line":21,"column":72}},"16":{"start":{"line":25,"column":38},"end":{"line":25,"column":63}},"17":{"start":{"line":25,"column":19},"end":{"line":25,"column":21}},"18":{"start":{"line":25,"column":34},"end":{"line":25,"column":38}},"19":{"start":{"line":26,"column":22},"end":{"line":26,"column":54}},"20":{"start":{"line":27,"column":23},"end":{"line":27,"column":55}},"21":{"start":{"line":28,"column":25},"end":{"line":28,"column":57}},"22":{"start":{"line":30,"column":32},"end":{"line":32,"column":4}},"23":{"start":{"line":30,"column":16},"end":{"line":30,"column":18}},"24":{"start":{"line":30,"column":28},"end":{"line":30,"column":32}},"25":{"start":{"line":34,"column":36},"end":{"line":36,"column":4}},"26":{"start":{"line":34,"column":17},"end":{"line":34,"column":19}},"27":{"start":{"line":34,"column":32},"end":{"line":34,"column":36}},"28":{"start":{"line":38,"column":36},"end":{"line":40,"column":4}},"29":{"start":{"line":38,"column":18},"end":{"line":38,"column":20}},"30":{"start":{"line":38,"column":32},"end":{"line":38,"column":36}},"31":{"start":{"line":42,"column":2},"end":{"line":50,"column":48}},"32":{"start":{"line":43,"column":4},"end":{"line":49,"column":5}},"33":{"start":{"line":44,"column":6},"end":{"line":44,"column":27}},"34":{"start":{"line":45,"column":11},"end":{"line":49,"column":5}},"35":{"start":{"line":46,"column":6},"end":{"line":46,"column":29}},"36":{"start":{"line":47,"column":11},"end":{"line":49,"column":5}},"37":{"start":{"line":48,"column":6},"end":{"line":48,"column":28}},"38":{"start":{"line":52,"column":21},"end":{"line":60,"column":3}},"39":{"start":{"line":53,"column":4},"end":{"line":53,"column":35}},"40":{"start":{"line":54,"column":4},"end":{"line":55,"column":66}},"41":{"start":{"line":55,"column":6},"end":{"line":55,"column":66}},"42":{"start":{"line":56,"column":4},"end":{"line":57,"column":67}},"43":{"start":{"line":57,"column":6},"end":{"line":57,"column":67}},"44":{"start":{"line":58,"column":4},"end":{"line":59,"column":69}},"45":{"start":{"line":59,"column":6},"end":{"line":59,"column":69}},"46":{"start":{"line":62,"column":2},"end":{"line":76,"column":4}},"47":{"start":{"line":9,"column":13},"end":{"line":9,"column":37}}},"fnMap":{"0":{"name":"(anonymous_0)","decl":{"start":{"line":9,"column":37},"end":{"line":9,"column":null}},"loc":{"start":{"line":9,"column":37},"end":{"line":77,"column":1}}},"1":{"name":"(anonymous_1)","decl":{"start":{"line":13,"column":4},"end":{"line":13,"column":10}},"loc":{"start":{"line":13,"column":4},"end":{"line":13,"column":21}}},"2":{"name":"(anonymous_2)","decl":{"start":{"line":13,"column":29},"end":{"line":13,"column":30}},"loc":{"start":{"line":13,"column":46},"end":{"line":13,"column":54}}},"3":{"name":"(anonymous_3)","decl":{"start":{"line":17,"column":4},"end":{"line":17,"column":10}},"loc":{"start":{"line":17,"column":4},"end":{"line":17,"column":21}}},"4":{"name":"(anonymous_4)","decl":{"start":{"line":17,"column":29},"end":{"line":17,"column":30}},"loc":{"start":{"line":17,"column":46},"end":{"line":17,"column":54}}},"5":{"name":"(anonymous_5)","decl":{"start":{"line":21,"column":4},"end":{"line":21,"column":10}},"loc":{"start":{"line":21,"column":4},"end":{"line":21,"column":21}}},"6":{"name":"(anonymous_6)","decl":{"start":{"line":21,"column":29},"end":{"line":21,"column":30}},"loc":{"start":{"line":21,"column":46},"end":{"line":21,"column":54}}},"7":{"name":"(anonymous_7)","decl":{"start":{"line":42,"column":12},"end":{"line":42,"column":null}},"loc":{"start":{"line":42,"column":12},"end":{"line":50,"column":3}}},"8":{"name":"(anonymous_8)","decl":{"start":{"line":52,"column":21},"end":{"line":52,"column":22}},"loc":{"start":{"line":52,"column":33},"end":{"line":60,"column":3}}}},"branchMap":{"0":{"loc":{"start":{"line":43,"column":4},"end":{"line":49,"column":5}},"type":"if","locations":[{"start":{"line":43,"column":4},"end":{"line":49,"column":5}},{"start":{"line":45,"column":11},"end":{"line":49,"column":5}}]},"1":{"loc":{"start":{"line":45,"column":11},"end":{"line":49,"column":5}},"type":"if","locations":[{"start":{"line":45,"column":11},"end":{"line":49,"column":5}},{"start":{"line":47,"column":11},"end":{"line":49,"column":5}}]},"2":{"loc":{"start":{"line":47,"column":11},"end":{"line":49,"column":5}},"type":"if","locations":[{"start":{"line":47,"column":11},"end":{"line":49,"column":5}}]},"3":{"loc":{"start":{"line":54,"column":4},"end":{"line":55,"column":66}},"type":"if","locations":[{"start":{"line":54,"column":4},"end":{"line":55,"column":66}}]},"4":{"loc":{"start":{"line":55,"column":6},"end":{"line":55,"column":65}},"type":"cond-expr","locations":[{"start":{"line":55,"column":25},"end":{"line":55,"column":27}},{"start":{"line":55,"column":25},"end":{"line":55,"column":65}}]},"5":{"loc":{"start":{"line":55,"column":6},"end":{"line":55,"column":27}},"type":"binary-expr","locations":[{"start":{"line":55,"column":6},"end":{"line":55,"column":27}},{"start":{"line":55,"column":25},"end":{"line":55,"column":27}}]},"6":{"loc":{"start":{"line":56,"column":4},"end":{"line":57,"column":67}},"type":"if","locations":[{"start":{"line":56,"column":4},"end":{"line":57,"column":67}}]},"7":{"loc":{"start":{"line":57,"column":6},"end":{"line":57,"column":66}},"type":"cond-expr","locations":[{"start":{"line":57,"column":26},"end":{"line":57,"column":28}},{"start":{"line":57,"column":26},"end":{"line":57,"column":66}}]},"8":{"loc":{"start":{"line":57,"column":6},"end":{"line":57,"column":28}},"type":"binary-expr","locations":[{"start":{"line":57,"column":6},"end":{"line":57,"column":28}},{"start":{"line":57,"column":26},"end":{"line":57,"column":28}}]},"9":{"loc":{"start":{"line":58,"column":4},"end":{"line":59,"column":69}},"type":"if","locations":[{"start":{"line":58,"column":4},"end":{"line":59,"column":69}}]},"10":{"loc":{"start":{"line":59,"column":6},"end":{"line":59,"column":68}},"type":"cond-expr","locations":[{"start":{"line":59,"column":28},"end":{"line":59,"column":30}},{"start":{"line":59,"column":28},"end":{"line":59,"column":68}}]},"11":{"loc":{"start":{"line":59,"column":6},"end":{"line":59,"column":30}},"type":"binary-expr","locations":[{"start":{"line":59,"column":6},"end":{"line":59,"column":30}},{"start":{"line":59,"column":28},"end":{"line":59,"column":30}}]}},"s":{"0":0,"1":0,"2":0,"3":0,"4":0,"5":0,"6":0,"7":0,"8":0,"9":0,"10":0,"11":0,"12":0,"13":0,"14":0,"15":0,"16":0,"17":0,"18":0,"19":0,"20":0,"21":0,"22":0,"23":0,"24":0,"25":0,"26":0,"27":0,"28":0,"29":0,"30":0,"31":0,"32":0,"33":0,"34":0,"35":0,"36":0,"37":0,"38":0,"39":0,"40":0,"41":0,"42":0,"43":0,"44":0,"45":0,"46":0,"47":0},"f":{"0":0,"1":0,"2":0,"3":0,"4":0,"5":0,"6":0,"7":0,"8":0},"b":{"0":[0,0],"1":[0,0],"2":[0],"3":[0],"4":[0,0],"5":[0,0],"6":[0],"7":[0,0],"8":[0,0],"9":[0],"10":[0,0],"11":[0,0]}}
,"C:\\Users\\User\\Documents\\GitHub\\stellar-burgers\\src\\components\\check_road\\check_road.tsx": {"path":"C:\\Users\\User\\Documents\\GitHub\\stellar-burgers\\src\\components\\check_road\\check_road.tsx","statementMap":{"0":{"start":{"line":1,"column":0},"end":{"line":1,"column":26}},"1":{"start":{"line":2,"column":0},"end":{"line":2,"column":57}},"2":{"start":{"line":3,"column":0},"end":{"line":3,"column":51}},"3":{"start":{"line":4,"column":0},"end":{"line":4,"column":null}},"4":{"start":{"line":8,"column":0},"end":{"line":8,"column":32}},"5":{"start":{"line":10,"column":28},"end":{"line":24,"column":1}},"6":{"start":{"line":11,"column":10},"end":{"line":11,"column":null}},"7":{"start":{"line":15,"column":24},"end":{"line":15,"column":56}},"8":{"start":{"line":16,"column":15},"end":{"line":16,"column":38}},"9":{"start":{"line":17,"column":19},"end":{"line":17,"column":32}},"10":{"start":{"line":19,"column":2},"end":{"line":19,"column":43}},"11":{"start":{"line":19,"column":22},"end":{"line":19,"column":43}},"12":{"start":{"line":21,"column":2},"end":{"line":21,"column":28}},"13":{"start":{"line":21,"column":12},"end":{"line":21,"column":28}},"14":{"start":{"line":23,"column":2},"end":{"line":23,"column":69}},"15":{"start":{"line":10,"column":13},"end":{"line":10,"column":28}},"16":{"start":{"line":26,"column":27},"end":{"line":39,"column":1}},"17":{"start":{"line":26,"column":38},"end":{"line":26,"column":74}},"18":{"start":{"line":27,"column":24},"end":{"line":27,"column":56}},"19":{"start":{"line":28,"column":15},"end":{"line":28,"column":38}},"20":{"start":{"line":29,"column":19},"end":{"line":29,"column":32}},"21":{"start":{"line":31,"column":2},"end":{"line":31,"column":43}},"22":{"start":{"line":31,"column":22},"end":{"line":31,"column":43}},"23":{"start":{"line":33,"column":2},"end":{"line":36,"column":3}},"24":{"start":{"line":34,"column":19},"end":{"line":34,"column":65}},"25":{"start":{"line":35,"column":4},"end":{"line":35,"column":44}},"26":{"start":{"line":38,"column":2},"end":{"line":38,"column":18}},"27":{"start":{"line":26,"column":13},"end":{"line":26,"column":27}}},"fnMap":{"0":{"name":"(anonymous_1)","decl":{"start":{"line":10,"column":28},"end":{"line":10,"column":29}},"loc":{"start":{"line":14,"column":1},"end":{"line":24,"column":1}}},"1":{"name":"(anonymous_2)","decl":{"start":{"line":26,"column":27},"end":{"line":26,"column":28}},"loc":{"start":{"line":26,"column":74},"end":{"line":39,"column":1}}}},"branchMap":{"0":{"loc":{"start":{"line":19,"column":2},"end":{"line":19,"column":43}},"type":"if","locations":[{"start":{"line":19,"column":2},"end":{"line":19,"column":43}}]},"1":{"loc":{"start":{"line":21,"column":2},"end":{"line":21,"column":28}},"type":"if","locations":[{"start":{"line":21,"column":2},"end":{"line":21,"column":28}}]},"2":{"loc":{"start":{"line":31,"column":2},"end":{"line":31,"column":43}},"type":"if","locations":[{"start":{"line":31,"column":2},"end":{"line":31,"column":43}}]},"3":{"loc":{"start":{"line":33,"column":2},"end":{"line":36,"column":3}},"type":"if","locations":[{"start":{"line":33,"column":2},"end":{"line":36,"column":3}}]},"4":{"loc":{"start":{"line":34,"column":19},"end":{"line":34,"column":65}},"type":"cond-expr","locations":[{"start":{"line":34,"column":58},"end":{"line":34,"column":62}},{"start":{"line":34,"column":62},"end":{"line":34,"column":65}}]},"5":{"loc":{"start":{"line":34,"column":19},"end":{"line":34,"column":62}},"type":"binary-expr","locations":[{"start":{"line":34,"column":19},"end":{"line":34,"column":62}},{"start":{"line":34,"column":58},"end":{"line":34,"column":62}}]},"6":{"loc":{"start":{"line":34,"column":19},"end":{"line":34,"column":58}},"type":"cond-expr","locations":[{"start":{"line":34,"column":48},"end":{"line":34,"column":50}},{"start":{"line":34,"column":48},"end":{"line":34,"column":58}}]},"7":{"loc":{"start":{"line":34,"column":19},"end":{"line":34,"column":50}},"type":"binary-expr","locations":[{"start":{"line":34,"column":19},"end":{"line":34,"column":50}},{"start":{"line":34,"column":48},"end":{"line":34,"column":50}}]},"8":{"loc":{"start":{"line":34,"column":19},"end":{"line":34,"column":48}},"type":"cond-expr","locations":[{"start":{"line":34,"column":42},"end":{"line":34,"column":44}},{"start":{"line":34,"column":42},"end":{"line":34,"column":48}}]},"9":{"loc":{"start":{"line":34,"column":19},"end":{"line":34,"column":44}},"type":"binary-expr","locations":[{"start":{"line":34,"column":19},"end":{"line":34,"column":44}},{"start":{"line":34,"column":42},"end":{"line":34,"column":44}}]}},"s":{"0":0,"1":0,"2":0,"3":0,"4":0,"5":0,"6":0,"7":0,"8":0,"9":0,"10":0,"11":0,"12":0,"13":0,"14":0,"15":0,"16":0,"17":0,"18":0,"19":0,"20":0,"21":0,"22":0,"23":0,"24":0,"25":0,"26":0,"27":0},"f":{"0":0,"1":0},"b":{"0":[0],"1":[0],"2":[0],"3":[0],"4":[0,0],"5":[0,0],"6":[0,0],"7":[0,0],"8":[0,0],"9":[0,0]}}
,"C:\\Users\\User\\Documents\\GitHub\\stellar-burgers\\src\\components\\feed-info\\feed-info.tsx": {"path":"C:\\Users\\User\\Documents\\GitHub\\stellar-burgers\\src\\components\\feed-info\\feed-info.tsx","statementMap":{"0":{"start":{"line":4,"column":0},"end":{"line":4,"column":33}},"1":{"start":{"line":5,"column":0},"end":{"line":5,"column":51}},"2":{"start":{"line":6,"column":0},"end":{"line":6,"column":null}},"3":{"start":{"line":11,"column":18},"end":{"line":12,"column":8}},"4":{"start":{"line":12,"column":2},"end":{"line":15,"column":18}},"5":{"start":{"line":13,"column":22},"end":{"line":13,"column":45}},"6":{"start":{"line":14,"column":19},"end":{"line":14,"column":31}},"7":{"start":{"line":17,"column":28},"end":{"line":33,"column":1}},"8":{"start":{"line":19,"column":27},"end":{"line":19,"column":56}},"9":{"start":{"line":20,"column":15},"end":{"line":20,"column":38}},"10":{"start":{"line":22,"column":22},"end":{"line":22,"column":47}},"11":{"start":{"line":24,"column":24},"end":{"line":24,"column":52}},"12":{"start":{"line":26,"column":2},"end":{"line":32,"column":4}},"13":{"start":{"line":17,"column":13},"end":{"line":17,"column":28}}},"fnMap":{"0":{"name":"(anonymous_0)","decl":{"start":{"line":11,"column":18},"end":{"line":11,"column":19}},"loc":{"start":{"line":11,"column":51},"end":{"line":12,"column":8}}},"1":{"name":"(anonymous_1)","decl":{"start":{"line":13,"column":12},"end":{"line":13,"column":13}},"loc":{"start":{"line":13,"column":17},"end":{"line":13,"column":26}}},"2":{"name":"(anonymous_2)","decl":{"start":{"line":14,"column":9},"end":{"line":14,"column":10}},"loc":{"start":{"line":14,"column":14},"end":{"line":14,"column":23}}},"3":{"name":"(anonymous_3)","decl":{"start":{"line":17,"column":28},"end":{"line":17,"column":null}},"loc":{"start":{"line":17,"column":28},"end":{"line":33,"column":1}}}},"branchMap":{},"s":{"0":0,"1":0,"2":0,"3":0,"4":0,"5":0,"6":0,"7":0,"8":0,"9":0,"10":0,"11":0,"12":0,"13":0},"f":{"0":0,"1":0,"2":0,"3":0},"b":{}}
,"C:\\Users\\User\\Documents\\GitHub\\stellar-burgers\\src\\components\\ingredient-details\\ingredient-details.tsx": {"path":"C:\\Users\\User\\Documents\\GitHub\\stellar-burgers\\src\\components\\ingredient-details\\ingredient-details.tsx","statementMap":{"0":{"start":{"line":2,"column":0},"end":{"line":2,"column":32}},"1":{"start":{"line":3,"column":0},"end":{"line":3,"column":42}},"2":{"start":{"line":4,"column":0},"end":{"line":4,"column":51}},"3":{"start":{"line":5,"column":0},"end":{"line":5,"column":45}},"4":{"start":{"line":6,"column":0},"end":{"line":6,"column":81}},"5":{"start":{"line":8,"column":37},"end":{"line":20,"column":1}},"6":{"start":{"line":9,"column":17},"end":{"line":9,"column":45}},"7":{"start":{"line":11,"column":25},"end":{"line":12,"column":null}},"8":{"start":{"line":12,"column":20},"end":{"line":12,"column":null}},"9":{"start":{"line":15,"column":2},"end":{"line":17,"column":3}},"10":{"start":{"line":16,"column":4},"end":{"line":16,"column":25}},"11":{"start":{"line":19,"column":2},"end":{"line":19,"column":65}},"12":{"start":{"line":8,"column":13},"end":{"line":8,"column":37}}},"fnMap":{"0":{"name":"(anonymous_0)","decl":{"start":{"line":8,"column":37},"end":{"line":8,"column":null}},"loc":{"start":{"line":8,"column":37},"end":{"line":20,"column":1}}},"1":{"name":"(anonymous_1)","decl":{"start":{"line":12,"column":4},"end":{"line":12,"column":5}},"loc":{"start":{"line":12,"column":15},"end":{"line":12,"column":30}}}},"branchMap":{"0":{"loc":{"start":{"line":15,"column":2},"end":{"line":17,"column":3}},"type":"if","locations":[{"start":{"line":15,"column":2},"end":{"line":17,"column":3}}]}},"s":{"0":0,"1":0,"2":0,"3":0,"4":0,"5":0,"6":0,"7":0,"8":0,"9":0,"10":0,"11":0,"12":0},"f":{"0":0,"1":0},"b":{"0":[0]}}
,"C:\\Users\\User\\Documents\\GitHub\\stellar-burgers\\src\\components\\ingredients-category\\ingredients-category.tsx": {"path":"C:\\Users\\User\\Documents\\GitHub\\stellar-burgers\\src\\components\\ingredients-category\\ingredients-category.tsx","statementMap":{"0":{"start":{"line":1,"column":0},"end":{"line":1,"column":44}},"1":{"start":{"line":4,"column":0},"end":{"line":4,"column":44}},"2":{"start":{"line":5,"column":0},"end":{"line":5,"column":51}},"3":{"start":{"line":6,"column":0},"end":{"line":6,"column":87}},"4":{"start":{"line":8,"column":13},"end":{"line":34,"column":3}},"5":{"start":{"line":11,"column":10},"end":{"line":11,"column":12}},"6":{"start":{"line":11,"column":20},"end":{"line":11,"column":22}},"7":{"start":{"line":11,"column":33},"end":{"line":11,"column":35}},"8":{"start":{"line":13,"column":28},"end":{"line":13,"column":64}},"9":{"start":{"line":14,"column":30},"end":{"line":23,"column":25}},"10":{"start":{"line":15,"column":33},"end":{"line":15,"column":51}},"11":{"start":{"line":16,"column":48},"end":{"line":16,"column":50}},"12":{"start":{"line":17,"column":4},"end":{"line":20,"column":7}},"13":{"start":{"line":18,"column":6},"end":{"line":18,"column":66}},"14":{"start":{"line":18,"column":37},"end":{"line":18,"column":66}},"15":{"start":{"line":19,"column":6},"end":{"line":19,"column":33}},"16":{"start":{"line":21,"column":4},"end":{"line":21,"column":35}},"17":{"start":{"line":21,"column":13},"end":{"line":21,"column":35}},"18":{"start":{"line":22,"column":4},"end":{"line":22,"column":20}},"19":{"start":{"line":25,"column":2},"end":{"line":33,"column":4}}},"fnMap":{"0":{"name":"(anonymous_0)","decl":{"start":{"line":11,"column":2},"end":{"line":11,"column":3}},"loc":{"start":{"line":11,"column":40},"end":{"line":34,"column":1}}},"1":{"name":"(anonymous_1)","decl":{"start":{"line":14,"column":38},"end":{"line":14,"column":null}},"loc":{"start":{"line":14,"column":38},"end":{"line":23,"column":3}}},"2":{"name":"(anonymous_2)","decl":{"start":{"line":17,"column":24},"end":{"line":17,"column":25}},"loc":{"start":{"line":17,"column":48},"end":{"line":20,"column":5}}}},"branchMap":{"0":{"loc":{"start":{"line":18,"column":6},"end":{"line":18,"column":66}},"type":"if","locations":[{"start":{"line":18,"column":6},"end":{"line":18,"column":66}}]},"1":{"loc":{"start":{"line":21,"column":4},"end":{"line":21,"column":35}},"type":"if","locations":[{"start":{"line":21,"column":4},"end":{"line":21,"column":35}}]}},"s":{"0":0,"1":0,"2":0,"3":0,"4":0,"5":0,"6":0,"7":0,"8":0,"9":0,"10":0,"11":0,"12":0,"13":0,"14":0,"15":0,"16":0,"17":0,"18":0,"19":0},"f":{"0":0,"1":0,"2":0},"b":{"0":[0],"1":[0]}}
,"C:\\Users\\User\\Documents\\GitHub\\stellar-burgers\\src\\components\\modal\\modal.tsx": {"path":"C:\\Users\\User\\Documents\\GitHub\\stellar-burgers\\src\\components\\modal\\modal.tsx","statementMap":{"0":{"start":{"line":1,"column":0},"end":{"line":1,"column":44}},"1":{"start":{"line":2,"column":0},"end":{"line":2,"column":33}},"2":{"start":{"line":5,"column":0},"end":{"line":5,"column":30}},"3":{"start":{"line":7,"column":18},"end":{"line":7,"column":51}},"4":{"start":{"line":9,"column":13},"end":{"line":27,"column":3}},"5":{"start":{"line":9,"column":51},"end":{"line":9,"column":53}},"6":{"start":{"line":9,"column":60},"end":{"line":9,"column":62}},"7":{"start":{"line":9,"column":70},"end":{"line":9,"column":72}},"8":{"start":{"line":10,"column":2},"end":{"line":19,"column":16}},"9":{"start":{"line":11,"column":22},"end":{"line":13,"column":5}},"10":{"start":{"line":12,"column":6},"end":{"line":12,"column":38}},"11":{"start":{"line":15,"column":4},"end":{"line":15,"column":52}},"12":{"start":{"line":16,"column":4},"end":{"line":18,"column":6}},"13":{"start":{"line":17,"column":6},"end":{"line":17,"column":57}},"14":{"start":{"line":21,"column":2},"end":{"line":26,"column":4}}},"fnMap":{"0":{"name":"(anonymous_1)","decl":{"start":{"line":9,"column":43},"end":{"line":9,"column":44}},"loc":{"start":{"line":9,"column":72},"end":{"line":27,"column":1}}},"1":{"name":"(anonymous_2)","decl":{"start":{"line":10,"column":12},"end":{"line":10,"column":null}},"loc":{"start":{"line":10,"column":12},"end":{"line":19,"column":3}}},"2":{"name":"(anonymous_3)","decl":{"start":{"line":11,"column":22},"end":{"line":11,"column":23}},"loc":{"start":{"line":11,"column":39},"end":{"line":13,"column":5}}},"3":{"name":"(anonymous_4)","decl":{"start":{"line":16,"column":11},"end":{"line":16,"column":null}},"loc":{"start":{"line":16,"column":11},"end":{"line":18,"column":5}}}},"branchMap":{"0":{"loc":{"start":{"line":12,"column":6},"end":{"line":12,"column":37}},"type":"binary-expr","locations":[{"start":{"line":12,"column":6},"end":{"line":12,"column":24}},{"start":{"line":12,"column":28},"end":{"line":12,"column":37}}]}},"s":{"0":0,"1":0,"2":0,"3":0,"4":0,"5":0,"6":0,"7":0,"8":0,"9":0,"10":0,"11":0,"12":0,"13":0,"14":0},"f":{"0":0,"1":0,"2":0,"3":0},"b":{"0":[0,0]}}
,"C:\\Users\\User\\Documents\\GitHub\\stellar-burgers\\src\\components\\order-card\\order-card.tsx": {"path":"C:\\Users\\User\\Documents\\GitHub\\stellar-burgers\\src\\components\\order-card\\order-card.tsx","statementMap":{"0":{"start":{"line":1,"column":0},"end":{"line":1,"column":42}},"1":{"start":{"line":2,"column":0},"end":{"line":2,"column":47}},"2":{"start":{"line":6,"column":0},"end":{"line":6,"column":34}},"3":{"start":{"line":7,"column":0},"end":{"line":7,"column":51}},"4":{"start":{"line":8,"column":0},"end":{"line":8,"column":81}},"5":{"start":{"line":10,"column":23},"end":{"line":10,"column":24}},"6":{"start":{"line":12,"column":13},"end":{"line":59,"column":3}},"7":{"start":{"line":12,"column":58},"end":{"line":12,"column":60}},"8":{"start":{"line":13,"column":19},"end":{"line":13,"column":32}},"9":{"start":{"line":16,"column":37},"end":{"line":16,"column":67}},"10":{"start":{"line":18,"column":20},"end":{"line":48,"column":26}},"11":{"start":{"line":19,"column":4},"end":{"line":19,"column":41}},"12":{"start":{"line":19,"column":29},"end":{"line":19,"column":41}},"13":{"start":{"line":21,"column":28},"end":{"line":27,"column":null}},"14":{"start":{"line":23,"column":27},"end":{"line":23,"column":70}},"15":{"start":{"line":23,"column":53},"end":{"line":23,"column":70}},"16":{"start":{"line":24,"column":8},"end":{"line":24,"column":52}},"17":{"start":{"line":24,"column":24},"end":{"line":24,"column":52}},"18":{"start":{"line":25,"column":8},"end":{"line":25,"column":19}},"19":{"start":{"line":30,"column":18},"end":{"line":30,"column":76}},"20":{"start":{"line":30,"column":56},"end":{"line":30,"column":74}},"21":{"start":{"line":32,"column":30},"end":{"line":32,"column":70}},"22":{"start":{"line":35,"column":6},"end":{"line":37,"column":11}},"23":{"start":{"line":39,"column":17},"end":{"line":39,"column":42}},"24":{"start":{"line":40,"column":4},"end":{"line":46,"column":null}},"25":{"start":{"line":50,"column":2},"end":{"line":50,"column":30}},"26":{"start":{"line":50,"column":18},"end":{"line":50,"column":30}},"27":{"start":{"line":52,"column":2},"end":{"line":58,"column":4}}},"fnMap":{"0":{"name":"(anonymous_3)","decl":{"start":{"line":12,"column":50},"end":{"line":12,"column":51}},"loc":{"start":{"line":12,"column":60},"end":{"line":59,"column":1}}},"1":{"name":"(anonymous_4)","decl":{"start":{"line":18,"column":28},"end":{"line":18,"column":null}},"loc":{"start":{"line":18,"column":28},"end":{"line":48,"column":3}}},"2":{"name":"(anonymous_5)","decl":{"start":{"line":22,"column":6},"end":{"line":22,"column":7}},"loc":{"start":{"line":22,"column":39},"end":{"line":26,"column":7}}},"3":{"name":"(anonymous_6)","decl":{"start":{"line":23,"column":44},"end":{"line":23,"column":45}},"loc":{"start":{"line":23,"column":48},"end":{"line":23,"column":56}}},"4":{"name":"(anonymous_7)","decl":{"start":{"line":30,"column":41},"end":{"line":30,"column":42}},"loc":{"start":{"line":30,"column":51},"end":{"line":30,"column":59}}}},"branchMap":{"0":{"loc":{"start":{"line":19,"column":4},"end":{"line":19,"column":41}},"type":"if","locations":[{"start":{"line":19,"column":4},"end":{"line":19,"column":41}}]},"1":{"loc":{"start":{"line":24,"column":8},"end":{"line":24,"column":52}},"type":"if","locations":[{"start":{"line":24,"column":8},"end":{"line":24,"column":52}}]},"2":{"loc":{"start":{"line":35,"column":6},"end":{"line":37,"column":11}},"type":"cond-expr","locations":[{"start":{"line":36,"column":10},"end":{"line":36,"column":49}},{"start":{"line":37,"column":10},"end":{"line":37,"column":11}}]},"3":{"loc":{"start":{"line":50,"column":2},"end":{"line":50,"column":30}},"type":"if","locations":[{"start":{"line":50,"column":2},"end":{"line":50,"column":30}}]}},"s":{"0":0,"1":0,"2":0,"3":0,"4":0,"5":0,"6":0,"7":0,"8":0,"9":0,"10":0,"11":0,"12":0,"13":0,"14":0,"15":0,"16":0,"17":0,"18":0,"19":0,"20":0,"21":0,"22":0,"23":0,"24":0,"25":0,"26":0,"27":0},"f":{"0":0,"1":0,"2":0,"3":0,"4":0},"b":{"0":[0],"1":[0],"2":[0,0],"3":[0]}}
,"C:\\Users\\User\\Documents\\GitHub\\stellar-burgers\\src\\components\\order-info\\order-info.tsx": {"path":"C:\\Users\\User\\Documents\\GitHub\\stellar-burgers\\src\\components\\order-info\\order-info.tsx","statementMap":{"0":{"start":{"line":1,"column":0},"end":{"line":1,"column":47}},"1":{"start":{"line":2,"column":0},"end":{"line":2,"column":32}},"2":{"start":{"line":3,"column":0},"end":{"line":3,"column":34}},"3":{"start":{"line":5,"column":0},"end":{"line":5,"column":64}},"4":{"start":{"line":6,"column":0},"end":{"line":6,"column":81}},"5":{"start":{"line":7,"column":0},"end":{"line":7,"column":45}},"6":{"start":{"line":8,"column":0},"end":{"line":8,"column":73}},"7":{"start":{"line":9,"column":0},"end":{"line":9,"column":60}},"8":{"start":{"line":11,"column":29},"end":{"line":67,"column":1}},"9":{"start":{"line":12,"column":21},"end":{"line":12,"column":53}},"10":{"start":{"line":13,"column":22},"end":{"line":13,"column":36}},"11":{"start":{"line":15,"column":20},"end":{"line":15,"column":52}},"12":{"start":{"line":16,"column":37},"end":{"line":16,"column":67}},"13":{"start":{"line":17,"column":19},"end":{"line":17,"column":32}},"14":{"start":{"line":19,"column":2},"end":{"line":23,"column":30}},"15":{"start":{"line":20,"column":4},"end":{"line":22,"column":5}},"16":{"start":{"line":21,"column":6},"end":{"line":21,"column":49}},"17":{"start":{"line":25,"column":20},"end":{"line":60,"column":30}},"18":{"start":{"line":26,"column":4},"end":{"line":26,"column":55}},"19":{"start":{"line":26,"column":43},"end":{"line":26,"column":55}},"20":{"start":{"line":28,"column":17},"end":{"line":28,"column":46}},"21":{"start":{"line":34,"column":28},"end":{"line":46,"column":null}},"22":{"start":{"line":36,"column":8},"end":{"line":43,"column":9}},"23":{"start":{"line":37,"column":29},"end":{"line":37,"column":72}},"24":{"start":{"line":37,"column":55},"end":{"line":37,"column":72}},"25":{"start":{"line":38,"column":10},"end":{"line":40,"column":11}},"26":{"start":{"line":39,"column":12},"end":{"line":39,"column":52}},"27":{"start":{"line":42,"column":10},"end":{"line":42,"column":31}},"28":{"start":{"line":44,"column":8},"end":{"line":44,"column":19}},"29":{"start":{"line":49,"column":18},"end":{"line":51,"column":null}},"30":{"start":{"line":50,"column":21},"end":{"line":50,"column":null}},"31":{"start":{"line":54,"column":4},"end":{"line":58,"column":null}},"32":{"start":{"line":62,"column":2},"end":{"line":64,"column":3}},"33":{"start":{"line":63,"column":4},"end":{"line":63,"column":25}},"34":{"start":{"line":66,"column":2},"end":{"line":66,"column":47}},"35":{"start":{"line":11,"column":13},"end":{"line":11,"column":29}}},"fnMap":{"0":{"name":"(anonymous_2)","decl":{"start":{"line":11,"column":29},"end":{"line":11,"column":null}},"loc":{"start":{"line":11,"column":29},"end":{"line":67,"column":1}}},"1":{"name":"(anonymous_3)","decl":{"start":{"line":19,"column":12},"end":{"line":19,"column":null}},"loc":{"start":{"line":19,"column":12},"end":{"line":23,"column":3}}},"2":{"name":"(anonymous_4)","decl":{"start":{"line":25,"column":28},"end":{"line":25,"column":null}},"loc":{"start":{"line":25,"column":28},"end":{"line":60,"column":3}}},"3":{"name":"(anonymous_5)","decl":{"start":{"line":35,"column":6},"end":{"line":35,"column":7}},"loc":{"start":{"line":35,"column":16},"end":{"line":45,"column":7}}},"4":{"name":"(anonymous_6)","decl":{"start":{"line":37,"column":46},"end":{"line":37,"column":47}},"loc":{"start":{"line":37,"column":50},"end":{"line":37,"column":58}}},"5":{"name":"(anonymous_7)","decl":{"start":{"line":50,"column":6},"end":{"line":50,"column":7}},"loc":{"start":{"line":50,"column":16},"end":{"line":50,"column":24}}}},"branchMap":{"0":{"loc":{"start":{"line":20,"column":4},"end":{"line":22,"column":5}},"type":"if","locations":[{"start":{"line":20,"column":4},"end":{"line":22,"column":5}}]},"1":{"loc":{"start":{"line":26,"column":4},"end":{"line":26,"column":55}},"type":"if","locations":[{"start":{"line":26,"column":4},"end":{"line":26,"column":55}}]},"2":{"loc":{"start":{"line":26,"column":8},"end":{"line":26,"column":41}},"type":"binary-expr","locations":[{"start":{"line":26,"column":8},"end":{"line":26,"column":18}},{"start":{"line":26,"column":22},"end":{"line":26,"column":41}}]},"3":{"loc":{"start":{"line":36,"column":8},"end":{"line":43,"column":9}},"type":"if","locations":[{"start":{"line":36,"column":8},"end":{"line":43,"column":9}},{"start":{"line":41,"column":15},"end":{"line":43,"column":9}}]},"4":{"loc":{"start":{"line":38,"column":10},"end":{"line":40,"column":11}},"type":"if","locations":[{"start":{"line":38,"column":10},"end":{"line":40,"column":11}}]},"5":{"loc":{"start":{"line":62,"column":2},"end":{"line":64,"column":3}},"type":"if","locations":[{"start":{"line":62,"column":2},"end":{"line":64,"column":3}}]}},"s":{"0":0,"1":0,"2":0,"3":0,"4":0,"5":0,"6":0,"7":0,"8":0,"9":0,"10":0,"11":0,"12":0,"13":0,"14":0,"15":0,"16":0,"17":0,"18":0,"19":0,"20":0,"21":0,"22":0,"23":0,"24":0,"25":0,"26":0,"27":0,"28":0,"29":0,"30":0,"31":0,"32":0,"33":0,"34":0,"35":0},"f":{"0":0,"1":0,"2":0,"3":0,"4":0,"5":0},"b":{"0":[0],"1":[0],"2":[0,0],"3":[0,0],"4":[0],"5":[0]}}
,"C:\\Users\\User\\Documents\\GitHub\\stellar-burgers\\src\\components\\order-status\\order-status.tsx": {"path":"C:\\Users\\User\\Documents\\GitHub\\stellar-burgers\\src\\components\\order-status\\order-status.tsx","statementMap":{"0":{"start":{"line":1,"column":0},"end":{"line":1,"column":34}},"1":{"start":{"line":3,"column":0},"end":{"line":3,"column":36}},"2":{"start":{"line":5,"column":43},"end":{"line":11,"column":2}},"3":{"start":{"line":13,"column":49},"end":{"line":27,"column":1}},"4":{"start":{"line":13,"column":58},"end":{"line":13,"column":60}},"5":{"start":{"line":14,"column":14},"end":{"line":14,"column":16}},"6":{"start":{"line":15,"column":2},"end":{"line":24,"column":3}},"7":{"start":{"line":17,"column":6},"end":{"line":17,"column":24}},"8":{"start":{"line":18,"column":6},"end":{"line":18,"column":12}},"9":{"start":{"line":20,"column":6},"end":{"line":20,"column":24}},"10":{"start":{"line":21,"column":6},"end":{"line":21,"column":12}},"11":{"start":{"line":23,"column":6},"end":{"line":23,"column":24}},"12":{"start":{"line":26,"column":2},"end":{"line":26,"column":77}},"13":{"start":{"line":13,"column":13},"end":{"line":13,"column":49}}},"fnMap":{"0":{"name":"(anonymous_1)","decl":{"start":{"line":13,"column":49},"end":{"line":13,"column":50}},"loc":{"start":{"line":13,"column":60},"end":{"line":27,"column":1}}}},"branchMap":{"0":{"loc":{"start":{"line":15,"column":2},"end":{"line":24,"column":3}},"type":"switch","locations":[{"start":{"line":16,"column":4},"end":{"line":18,"column":12}},{"start":{"line":19,"column":4},"end":{"line":21,"column":12}},{"start":{"line":22,"column":4},"end":{"line":23,"column":24}}]},"1":{"loc":{"start":{"line":26,"column":48},"end":{"line":26,"column":72}},"type":"binary-expr","locations":[{"start":{"line":26,"column":48},"end":{"line":26,"column":66}},{"start":{"line":26,"column":70},"end":{"line":26,"column":72}}]}},"s":{"0":0,"1":0,"2":0,"3":0,"4":0,"5":0,"6":0,"7":0,"8":0,"9":0,"10":0,"11":0,"12":0,"13":0},"f":{"0":0},"b":{"0":[0,0,0],"1":[0,0]}}
,"C:\\Users\\User\\Documents\\GitHub\\stellar-burgers\\src\\components\\orders-list\\orders-list.tsx": {"path":"C:\\Users\\User\\Documents\\GitHub\\stellar-burgers\\src\\components\\orders-list\\orders-list.tsx","statementMap":{"0":{"start":{"line":1,"column":0},"end":{"line":1,"column":33}},"1":{"start":{"line":4,"column":0},"end":{"line":4,"column":35}},"2":{"start":{"line":6,"column":13},"end":{"line":11,"column":3}},"3":{"start":{"line":6,"column":61},"end":{"line":6,"column":63}},"4":{"start":{"line":7,"column":22},"end":{"line":8,"column":null}},"5":{"start":{"line":8,"column":14},"end":{"line":8,"column":null}},"6":{"start":{"line":10,"column":2},"end":{"line":10,"column":52}}},"fnMap":{"0":{"name":"(anonymous_1)","decl":{"start":{"line":6,"column":52},"end":{"line":6,"column":53}},"loc":{"start":{"line":6,"column":63},"end":{"line":11,"column":1}}},"1":{"name":"(anonymous_2)","decl":{"start":{"line":8,"column":4},"end":{"line":8,"column":5}},"loc":{"start":{"line":8,"column":9},"end":{"line":8,"column":18}}}},"branchMap":{},"s":{"0":0,"1":0,"2":0,"3":0,"4":0,"5":0,"6":0},"f":{"0":0,"1":0},"b":{}}
,"C:\\Users\\User\\Documents\\GitHub\\stellar-burgers\\src\\components\\profile-menu\\profile-menu.tsx": {"path":"C:\\Users\\User\\Documents\\GitHub\\stellar-burgers\\src\\components\\profile-menu\\profile-menu.tsx","statementMap":{"0":{"start":{"line":2,"column":0},"end":{"line":2,"column":60}},"1":{"start":{"line":3,"column":0},"end":{"line":3,"column":36}},"2":{"start":{"line":4,"column":0},"end":{"line":4,"column":51}},"3":{"start":{"line":5,"column":0},"end":{"line":5,"column":55}},"4":{"start":{"line":7,"column":31},"end":{"line":20,"column":1}},"5":{"start":{"line":8,"column":23},"end":{"line":8,"column":37}},"6":{"start":{"line":9,"column":19},"end":{"line":9,"column":32}},"7":{"start":{"line":10,"column":19},"end":{"line":10,"column":32}},"8":{"start":{"line":12,"column":23},"end":{"line":17,"column":4}},"9":{"start":{"line":13,"column":19},"end":{"line":13,"column":null}},"10":{"start":{"line":13,"column":10},"end":{"line":13,"column":null}},"11":{"start":{"line":14,"column":4},"end":{"line":16,"column":5}},"12":{"start":{"line":15,"column":6},"end":{"line":15,"column":44}},"13":{"start":{"line":19,"column":2},"end":{"line":19,"column":75}},"14":{"start":{"line":7,"column":13},"end":{"line":7,"column":31}}},"fnMap":{"0":{"name":"(anonymous_13)","decl":{"start":{"line":7,"column":31},"end":{"line":7,"column":null}},"loc":{"start":{"line":7,"column":31},"end":{"line":20,"column":1}}},"1":{"name":"(anonymous_14)","decl":{"start":{"line":12,"column":23},"end":{"line":12,"column":null}},"loc":{"start":{"line":12,"column":23},"end":{"line":17,"column":4}}}},"branchMap":{"0":{"loc":{"start":{"line":13,"column":19},"end":{"line":13,"column":null}},"type":"switch","locations":[{"start":{"line":13,"column":19},"end":{"line":13,"column":null}}]},"1":{"loc":{"start":{"line":14,"column":4},"end":{"line":16,"column":5}},"type":"if","locations":[{"start":{"line":14,"column":4},"end":{"line":16,"column":5}}]}},"s":{"0":0,"1":0,"2":0,"3":0,"4":0,"5":0,"6":0,"7":0,"8":0,"9":0,"10":0,"11":0,"12":0,"13":0,"14":0},"f":{"0":0,"1":0},"b":{"0":[0],"1":[0]}}
,"C:\\Users\\User\\Documents\\GitHub\\stellar-burgers\\src\\components\\ui\\app-header\\app-header.tsx": {"path":"C:\\Users\\User\\Documents\\GitHub\\stellar-burgers\\src\\components\\ui\\app-header\\app-header.tsx","statementMap":{"0":{"start":{"line":1,"column":0},"end":{"line":1,"column":34}},"1":{"start":{"line":2,"column":0},"end":{"line":2,"column":45}},"2":{"start":{"line":4,"column":0},"end":{"line":4,"column":null}},"3":{"start":{"line":10,"column":0},"end":{"line":10,"column":49}},"4":{"start":{"line":12,"column":50},"end":{"line":12,"column":null}},"5":{"start":{"line":12,"column":61},"end":{"line":12,"column":63}},"6":{"start":{"line":12,"column":68},"end":{"line":73,"column":2}},"7":{"start":{"line":19,"column":32},"end":{"line":19,"column":34}},"8":{"start":{"line":20,"column":12},"end":{"line":20,"column":null}},"9":{"start":{"line":23,"column":22},"end":{"line":23,"column":24}},"10":{"start":{"line":23,"column":29},"end":{"line":30,"column":null}},"11":{"start":{"line":35,"column":32},"end":{"line":35,"column":34}},"12":{"start":{"line":36,"column":12},"end":{"line":36,"column":null}},"13":{"start":{"line":39,"column":22},"end":{"line":39,"column":24}},"14":{"start":{"line":39,"column":29},"end":{"line":44,"column":null}},"15":{"start":{"line":57,"column":32},"end":{"line":57,"column":34}},"16":{"start":{"line":58,"column":12},"end":{"line":58,"column":null}},"17":{"start":{"line":61,"column":22},"end":{"line":61,"column":24}},"18":{"start":{"line":61,"column":29},"end":{"line":68,"column":null}},"19":{"start":{"line":12,"column":13},"end":{"line":12,"column":50}}},"fnMap":{"0":{"name":"(anonymous_1)","decl":{"start":{"line":12,"column":50},"end":{"line":12,"column":51}},"loc":{"start":{"line":12,"column":63},"end":{"line":12,"column":null}}},"1":{"name":"(anonymous_2)","decl":{"start":{"line":19,"column":21},"end":{"line":19,"column":22}},"loc":{"start":{"line":19,"column":34},"end":{"line":20,"column":15}}},"2":{"name":"(anonymous_3)","decl":{"start":{"line":23,"column":11},"end":{"line":23,"column":12}},"loc":{"start":{"line":23,"column":24},"end":{"line":23,"column":null}}},"3":{"name":"(anonymous_4)","decl":{"start":{"line":35,"column":21},"end":{"line":35,"column":22}},"loc":{"start":{"line":35,"column":34},"end":{"line":36,"column":15}}},"4":{"name":"(anonymous_5)","decl":{"start":{"line":39,"column":11},"end":{"line":39,"column":12}},"loc":{"start":{"line":39,"column":24},"end":{"line":39,"column":null}}},"5":{"name":"(anonymous_6)","decl":{"start":{"line":57,"column":21},"end":{"line":57,"column":22}},"loc":{"start":{"line":57,"column":34},"end":{"line":58,"column":15}}},"6":{"name":"(anonymous_7)","decl":{"start":{"line":61,"column":11},"end":{"line":61,"column":12}},"loc":{"start":{"line":61,"column":24},"end":{"line":61,"column":null}}}},"branchMap":{"0":{"loc":{"start":{"line":20,"column":30},"end":{"line":20,"column":64}},"type":"cond-expr","locations":[{"start":{"line":20,"column":41},"end":{"line":20,"column":59}},{"start":{"line":20,"column":62},"end":{"line":20,"column":64}}]},"1":{"loc":{"start":{"line":25,"column":32},"end":{"line":25,"column":66}},"type":"cond-expr","locations":[{"start":{"line":25,"column":43},"end":{"line":25,"column":52}},{"start":{"line":25,"column":55},"end":{"line":25,"column":66}}]},"2":{"loc":{"start":{"line":36,"column":30},"end":{"line":36,"column":64}},"type":"cond-expr","locations":[{"start":{"line":36,"column":41},"end":{"line":36,"column":59}},{"start":{"line":36,"column":62},"end":{"line":36,"column":64}}]},"3":{"loc":{"start":{"line":41,"column":30},"end":{"line":41,"column":64}},"type":"cond-expr","locations":[{"start":{"line":41,"column":41},"end":{"line":41,"column":50}},{"start":{"line":41,"column":53},"end":{"line":41,"column":64}}]},"4":{"loc":{"start":{"line":58,"column":30},"end":{"line":58,"column":64}},"type":"cond-expr","locations":[{"start":{"line":58,"column":41},"end":{"line":58,"column":59}},{"start":{"line":58,"column":62},"end":{"line":58,"column":64}}]},"5":{"loc":{"start":{"line":63,"column":33},"end":{"line":63,"column":67}},"type":"cond-expr","locations":[{"start":{"line":63,"column":44},"end":{"line":63,"column":53}},{"start":{"line":63,"column":56},"end":{"line":63,"column":67}}]},"6":{"loc":{"start":{"line":65,"column":17},"end":{"line":65,"column":45}},"type":"binary-expr","locations":[{"start":{"line":65,"column":17},"end":{"line":65,"column":25}},{"start":{"line":65,"column":29},"end":{"line":65,"column":45}}]}},"s":{"0":0,"1":0,"2":0,"3":0,"4":0,"5":0,"6":0,"7":0,"8":0,"9":0,"10":0,"11":0,"12":0,"13":0,"14":0,"15":0,"16":0,"17":0,"18":0,"19":0},"f":{"0":0,"1":0,"2":0,"3":0,"4":0,"5":0,"6":0},"b":{"0":[0,0],"1":[0,0],"2":[0,0],"3":[0,0],"4":[0,0],"5":[0,0],"6":[0,0]}}
,"C:\\Users\\User\\Documents\\GitHub\\stellar-burgers\\src\\components\\ui\\burger-constructor\\burger-constructor.tsx": {"path":"C:\\Users\\User\\Documents\\GitHub\\stellar-burgers\\src\\components\\ui\\burger-constructor\\burger-constructor.tsx","statementMap":{"0":{"start":{"line":1,"column":0},"end":{"line":1,"column":34}},"1":{"start":{"line":2,"column":0},"end":{"line":2,"column":null}},"2":{"start":{"line":7,"column":0},"end":{"line":7,"column":53}},"3":{"start":{"line":10,"column":0},"end":{"line":10,"column":62}},"4":{"start":{"line":11,"column":0},"end":{"line":11,"column":48}},"5":{"start":{"line":13,"column":65},"end":{"line":120,"column":2}},"6":{"start":{"line":14,"column":18},"end":{"line":14,"column":null}},"7":{"start":{"line":15,"column":14},"end":{"line":15,"column":null}},"8":{"start":{"line":16,"column":7},"end":{"line":16,"column":null}},"9":{"start":{"line":17,"column":16},"end":{"line":17,"column":null}},"10":{"start":{"line":18,"column":14},"end":{"line":18,"column":null}},"11":{"start":{"line":19,"column":17},"end":{"line":19,"column":null}},"12":{"start":{"line":20,"column":6},"end":{"line":120,"column":2}},"13":{"start":{"line":47,"column":59},"end":{"line":54,"column":null}},"14":{"start":{"line":13,"column":13},"end":{"line":13,"column":65}}},"fnMap":{"0":{"name":"(anonymous_1)","decl":{"start":{"line":13,"column":65},"end":{"line":13,"column":66}},"loc":{"start":{"line":20,"column":1},"end":{"line":120,"column":2}}},"1":{"name":"(anonymous_2)","decl":{"start":{"line":47,"column":10},"end":{"line":47,"column":11}},"loc":{"start":{"line":47,"column":54},"end":{"line":47,"column":null}}}},"branchMap":{"0":{"loc":{"start":{"line":22,"column":5},"end":{"line":41,"column":null}},"type":"cond-expr","locations":[{"start":{"line":23,"column":6},"end":{"line":33,"column":null}},{"start":{"line":36,"column":6},"end":{"line":38,"column":null}}]},"1":{"loc":{"start":{"line":45,"column":7},"end":{"line":62,"column":null}},"type":"cond-expr","locations":[{"start":{"line":46,"column":8},"end":{"line":54,"column":null}},{"start":{"line":57,"column":8},"end":{"line":59,"column":null}}]},"2":{"loc":{"start":{"line":66,"column":5},"end":{"line":85,"column":null}},"type":"cond-expr","locations":[{"start":{"line":67,"column":6},"end":{"line":77,"column":null}},{"start":{"line":80,"column":6},"end":{"line":82,"column":null}}]},"3":{"loc":{"start":{"line":105,"column":5},"end":{"line":108,"column":null}},"type":"binary-expr","locations":[{"start":{"line":105,"column":5},"end":{"line":105,"column":17}},{"start":{"line":106,"column":6},"end":{"line":107,"column":null}}]},"4":{"loc":{"start":{"line":111,"column":5},"end":{"line":117,"column":null}},"type":"binary-expr","locations":[{"start":{"line":111,"column":5},"end":{"line":111,"column":19}},{"start":{"line":112,"column":6},"end":{"line":116,"column":null}}]},"5":{"loc":{"start":{"line":114,"column":15},"end":{"line":114,"column":55}},"type":"cond-expr","locations":[{"start":{"line":114,"column":30},"end":{"line":114,"column":50}},{"start":{"line":114,"column":53},"end":{"line":114,"column":55}}]},"6":{"loc":{"start":{"line":116,"column":37},"end":{"line":116,"column":67}},"type":"cond-expr","locations":[{"start":{"line":116,"column":59},"end":{"line":116,"column":63}},{"start":{"line":116,"column":63},"end":{"line":116,"column":67}}]},"7":{"loc":{"start":{"line":116,"column":37},"end":{"line":116,"column":63}},"type":"binary-expr","locations":[{"start":{"line":116,"column":37},"end":{"line":116,"column":63}},{"start":{"line":116,"column":59},"end":{"line":116,"column":63}}]},"8":{"loc":{"start":{"line":116,"column":37},"end":{"line":116,"column":59}},"type":"cond-expr","locations":[{"start":{"line":116,"column":51},"end":{"line":116,"column":53}},{"start":{"line":116,"column":37},"end":{"line":116,"column":59}}]},"9":{"loc":{"start":{"line":116,"column":37},"end":{"line":116,"column":53}},"type":"binary-expr","locations":[{"start":{"line":116,"column":37},"end":{"line":116,"column":53}},{"start":{"line":116,"column":37},"end":{"line":116,"column":53}}]}},"s":{"0":0,"1":0,"2":0,"3":0,"4":0,"5":0,"6":0,"7":0,"8":0,"9":0,"10":0,"11":0,"12":0,"13":0,"14":0},"f":{"0":0,"1":0},"b":{"0":[0,0],"1":[0,0],"2":[0,0],"3":[0,0],"4":[0,0],"5":[0,0],"6":[0,0],"7":[0,0],"8":[0,0],"9":[0,0]}}
,"C:\\Users\\User\\Documents\\GitHub\\stellar-burgers\\src\\components\\ui\\burger-constructor-element\\burger-constructor-element.tsx": {"path":"C:\\Users\\User\\Documents\\GitHub\\stellar-burgers\\src\\components\\ui\\burger-constructor-element\\burger-constructor-element.tsx","statementMap":{"0":{"start":{"line":1,"column":0},"end":{"line":1,"column":40}},"1":{"start":{"line":2,"column":0},"end":{"line":2,"column":61}},"2":{"start":{"line":3,"column":0},"end":{"line":3,"column":81}},"3":{"start":{"line":5,"column":0},"end":{"line":5,"column":73}},"4":{"start":{"line":7,"column":13},"end":{"line":34,"column":4}},"5":{"start":{"line":10,"column":16},"end":{"line":10,"column":null}},"6":{"start":{"line":11,"column":11},"end":{"line":11,"column":null}},"7":{"start":{"line":12,"column":16},"end":{"line":12,"column":null}},"8":{"start":{"line":13,"column":18},"end":{"line":13,"column":null}},"9":{"start":{"line":14,"column":20},"end":{"line":14,"column":null}},"10":{"start":{"line":15,"column":17},"end":{"line":15,"column":null}},"11":{"start":{"line":16,"column":10},"end":{"line":33,"column":null}}},"fnMap":{"0":{"name":"(anonymous_7)","decl":{"start":{"line":9,"column":4},"end":{"line":9,"column":5}},"loc":{"start":{"line":16,"column":5},"end":{"line":16,"column":null}}}},"branchMap":{},"s":{"0":0,"1":0,"2":0,"3":0,"4":0,"5":0,"6":0,"7":0,"8":0,"9":0,"10":0,"11":0},"f":{"0":0},"b":{}}
,"C:\\Users\\User\\Documents\\GitHub\\stellar-burgers\\src\\components\\ui\\burger-ingredient\\burger-ingredient.tsx": {"path":"C:\\Users\\User\\Documents\\GitHub\\stellar-burgers\\src\\components\\ui\\burger-ingredient\\burger-ingredient.tsx","statementMap":{"0":{"start":{"line":1,"column":0},"end":{"line":1,"column":40}},"1":{"start":{"line":2,"column":0},"end":{"line":2,"column":40}},"2":{"start":{"line":3,"column":0},"end":{"line":3,"column":52}},"3":{"start":{"line":5,"column":0},"end":{"line":5,"column":null}},"4":{"start":{"line":13,"column":13},"end":{"line":47,"column":2}},"5":{"start":{"line":14,"column":15},"end":{"line":14,"column":17}},"6":{"start":{"line":14,"column":22},"end":{"line":14,"column":24}},"7":{"start":{"line":14,"column":33},"end":{"line":14,"column":35}},"8":{"start":{"line":14,"column":48},"end":{"line":14,"column":50}},"9":{"start":{"line":15,"column":40},"end":{"line":15,"column":51}},"10":{"start":{"line":17,"column":4},"end":{"line":45,"column":6}},"11":{"start":{"line":38,"column":14},"end":{"line":38,"column":58}},"12":{"start":{"line":39,"column":14},"end":{"line":39,"column":28}}},"fnMap":{"0":{"name":"(anonymous_7)","decl":{"start":{"line":14,"column":2},"end":{"line":14,"column":3}},"loc":{"start":{"line":14,"column":50},"end":{"line":46,"column":3}}},"1":{"name":"(anonymous_8)","decl":{"start":{"line":37,"column":21},"end":{"line":37,"column":null}},"loc":{"start":{"line":37,"column":21},"end":{"line":40,"column":13}}}},"branchMap":{"0":{"loc":{"start":{"line":25,"column":11},"end":{"line":25,"column":51}},"type":"cond-expr","locations":[{"start":{"line":25,"column":19},"end":{"line":25,"column":44}},{"start":{"line":25,"column":47},"end":{"line":25,"column":51}}]},"1":{"loc":{"start":{"line":39,"column":14},"end":{"line":39,"column":27}},"type":"cond-expr","locations":[{"start":{"line":39,"column":23},"end":{"line":39,"column":27}},{"start":{"line":39,"column":14},"end":{"line":39,"column":27}}]},"2":{"loc":{"start":{"line":39,"column":14},"end":{"line":39,"column":27}},"type":"binary-expr","locations":[{"start":{"line":39,"column":14},"end":{"line":39,"column":27}},{"start":{"line":39,"column":14},"end":{"line":39,"column":27}}]}},"s":{"0":0,"1":0,"2":0,"3":0,"4":0,"5":0,"6":0,"7":0,"8":0,"9":0,"10":0,"11":0,"12":0},"f":{"0":0,"1":0},"b":{"0":[0,0],"1":[0,0],"2":[0,0]}}
,"C:\\Users\\User\\Documents\\GitHub\\stellar-burgers\\src\\components\\ui\\burger-ingredients\\burger-ingredients.tsx": {"path":"C:\\Users\\User\\Documents\\GitHub\\stellar-burgers\\src\\components\\ui\\burger-ingredients\\burger-ingredients.tsx","statementMap":{"0":{"start":{"line":1,"column":0},"end":{"line":1,"column":40}},"1":{"start":{"line":2,"column":0},"end":{"line":2,"column":66}},"2":{"start":{"line":4,"column":0},"end":{"line":4,"column":53}},"3":{"start":{"line":6,"column":0},"end":{"line":6,"column":50}},"4":{"start":{"line":8,"column":13},"end":{"line":68,"column":2}},"5":{"start":{"line":10,"column":14},"end":{"line":10,"column":null}},"6":{"start":{"line":11,"column":8},"end":{"line":11,"column":null}},"7":{"start":{"line":12,"column":9},"end":{"line":12,"column":null}},"8":{"start":{"line":13,"column":10},"end":{"line":13,"column":null}},"9":{"start":{"line":14,"column":15},"end":{"line":14,"column":null}},"10":{"start":{"line":15,"column":16},"end":{"line":15,"column":null}},"11":{"start":{"line":16,"column":18},"end":{"line":16,"column":null}},"12":{"start":{"line":17,"column":11},"end":{"line":17,"column":null}},"13":{"start":{"line":18,"column":12},"end":{"line":18,"column":null}},"14":{"start":{"line":19,"column":13},"end":{"line":19,"column":null}},"15":{"start":{"line":20,"column":14},"end":{"line":20,"column":null}},"16":{"start":{"line":21,"column":8},"end":{"line":67,"column":null}}},"fnMap":{"0":{"name":"(anonymous_7)","decl":{"start":{"line":9,"column":2},"end":{"line":9,"column":3}},"loc":{"start":{"line":21,"column":3},"end":{"line":21,"column":null}}}},"branchMap":{},"s":{"0":0,"1":0,"2":0,"3":0,"4":0,"5":0,"6":0,"7":0,"8":0,"9":0,"10":0,"11":0,"12":0,"13":0,"14":0,"15":0,"16":0},"f":{"0":0},"b":{}}
,"C:\\Users\\User\\Documents\\GitHub\\stellar-burgers\\src\\components\\ui\\feed-info\\feed-info.tsx": {"path":"C:\\Users\\User\\Documents\\GitHub\\stellar-burgers\\src\\components\\ui\\feed-info\\feed-info.tsx","statementMap":{"0":{"start":{"line":1,"column":0},"end":{"line":1,"column":40}},"1":{"start":{"line":3,"column":0},"end":{"line":3,"column":44}},"2":{"start":{"line":7,"column":13},"end":{"line":26,"column":2}},"3":{"start":{"line":8,"column":9},"end":{"line":8,"column":11}},"4":{"start":{"line":8,"column":22},"end":{"line":8,"column":24}},"5":{"start":{"line":8,"column":37},"end":{"line":8,"column":39}},"6":{"start":{"line":9,"column":34},"end":{"line":9,"column":39}},"7":{"start":{"line":11,"column":4},"end":{"line":24,"column":6}},"8":{"start":{"line":28,"column":40},"end":{"line":28,"column":null}},"9":{"start":{"line":28,"column":49},"end":{"line":28,"column":51}},"10":{"start":{"line":28,"column":56},"end":{"line":28,"column":58}},"11":{"start":{"line":28,"column":67},"end":{"line":28,"column":69}},"12":{"start":{"line":28,"column":74},"end":{"line":43,"column":2}},"13":{"start":{"line":32,"column":35},"end":{"line":40,"column":8}},"14":{"start":{"line":45,"column":33},"end":{"line":45,"column":null}},"15":{"start":{"line":45,"column":41},"end":{"line":45,"column":43}},"16":{"start":{"line":45,"column":50},"end":{"line":45,"column":52}},"17":{"start":{"line":45,"column":57},"end":{"line":52,"column":2}}},"fnMap":{"0":{"name":"(anonymous_7)","decl":{"start":{"line":8,"column":2},"end":{"line":8,"column":3}},"loc":{"start":{"line":8,"column":39},"end":{"line":25,"column":3}}},"1":{"name":"(anonymous_8)","decl":{"start":{"line":28,"column":40},"end":{"line":28,"column":41}},"loc":{"start":{"line":28,"column":69},"end":{"line":28,"column":null}}},"2":{"name":"(anonymous_9)","decl":{"start":{"line":32,"column":18},"end":{"line":32,"column":19}},"loc":{"start":{"line":32,"column":30},"end":{"line":32,"column":null}}},"3":{"name":"(anonymous_10)","decl":{"start":{"line":45,"column":33},"end":{"line":45,"column":34}},"loc":{"start":{"line":45,"column":52},"end":{"line":45,"column":null}}}},"branchMap":{"0":{"loc":{"start":{"line":35,"column":26},"end":{"line":35,"column":70}},"type":"cond-expr","locations":[{"start":{"line":35,"column":49},"end":{"line":35,"column":58}},{"start":{"line":35,"column":61},"end":{"line":35,"column":70}}]}},"s":{"0":0,"1":0,"2":0,"3":0,"4":0,"5":0,"6":0,"7":0,"8":0,"9":0,"10":0,"11":0,"12":0,"13":0,"14":0,"15":0,"16":0,"17":0},"f":{"0":0,"1":0,"2":0,"3":0},"b":{"0":[0,0]}}
,"C:\\Users\\User\\Documents\\GitHub\\stellar-burgers\\src\\components\\ui\\ingredient-details\\ingredient-details.tsx": {"path":"C:\\Users\\User\\Documents\\GitHub\\stellar-burgers\\src\\components\\ui\\ingredient-details\\ingredient-details.tsx","statementMap":{"0":{"start":{"line":1,"column":0},"end":{"line":1,"column":40}},"1":{"start":{"line":2,"column":0},"end":{"line":2,"column":53}},"2":{"start":{"line":5,"column":13},"end":{"line":44,"column":2}},"3":{"start":{"line":6,"column":19},"end":{"line":6,"column":21}},"4":{"start":{"line":8,"column":6},"end":{"line":8,"column":21}},"5":{"start":{"line":10,"column":4},"end":{"line":42,"column":6}}},"fnMap":{"0":{"name":"(anonymous_7)","decl":{"start":{"line":6,"column":2},"end":{"line":6,"column":3}},"loc":{"start":{"line":6,"column":21},"end":{"line":43,"column":3}}}},"branchMap":{},"s":{"0":0,"1":0,"2":0,"3":0,"4":0,"5":0},"f":{"0":0},"b":{}}
,"C:\\Users\\User\\Documents\\GitHub\\stellar-burgers\\src\\components\\ui\\ingredients-category\\ingredients-category.tsx": {"path":"C:\\Users\\User\\Documents\\GitHub\\stellar-burgers\\src\\components\\ui\\ingredients-category\\ingredients-category.tsx","statementMap":{"0":{"start":{"line":1,"column":0},"end":{"line":1,"column":55}},"1":{"start":{"line":2,"column":0},"end":{"line":2,"column":35}},"2":{"start":{"line":4,"column":0},"end":{"line":4,"column":47}},"3":{"start":{"line":6,"column":13},"end":{"line":24,"column":3}},"4":{"start":{"line":9,"column":10},"end":{"line":9,"column":12}},"5":{"start":{"line":9,"column":20},"end":{"line":9,"column":22}},"6":{"start":{"line":9,"column":33},"end":{"line":9,"column":35}},"7":{"start":{"line":9,"column":54},"end":{"line":9,"column":56}},"8":{"start":{"line":9,"column":66},"end":{"line":24,"column":2}},"9":{"start":{"line":15,"column":39},"end":{"line":21,"column":8}}},"fnMap":{"0":{"name":"(anonymous_1)","decl":{"start":{"line":9,"column":2},"end":{"line":9,"column":3}},"loc":{"start":{"line":9,"column":61},"end":{"line":9,"column":null}}},"1":{"name":"(anonymous_2)","decl":{"start":{"line":15,"column":23},"end":{"line":15,"column":24}},"loc":{"start":{"line":15,"column":34},"end":{"line":15,"column":null}}}},"branchMap":{},"s":{"0":0,"1":0,"2":0,"3":0,"4":0,"5":0,"6":0,"7":0,"8":0,"9":0},"f":{"0":0,"1":0},"b":{}}
,"C:\\Users\\User\\Documents\\GitHub\\stellar-burgers\\src\\components\\ui\\modal\\modal.tsx": {"path":"C:\\Users\\User\\Documents\\GitHub\\stellar-burgers\\src\\components\\ui\\modal\\modal.tsx","statementMap":{"0":{"start":{"line":1,"column":0},"end":{"line":1,"column":33}},"1":{"start":{"line":2,"column":0},"end":{"line":2,"column":40}},"2":{"start":{"line":3,"column":0},"end":{"line":3,"column":72}},"3":{"start":{"line":5,"column":0},"end":{"line":5,"column":37}},"4":{"start":{"line":7,"column":13},"end":{"line":33,"column":2}},"5":{"start":{"line":8,"column":10},"end":{"line":8,"column":12}},"6":{"start":{"line":8,"column":19},"end":{"line":8,"column":21}},"7":{"start":{"line":8,"column":29},"end":{"line":8,"column":31}},"8":{"start":{"line":8,"column":36},"end":{"line":32,"column":null}}},"fnMap":{"0":{"name":"(anonymous_1)","decl":{"start":{"line":8,"column":2},"end":{"line":8,"column":3}},"loc":{"start":{"line":8,"column":31},"end":{"line":8,"column":null}}}},"branchMap":{},"s":{"0":0,"1":0,"2":0,"3":0,"4":0,"5":0,"6":0,"7":0,"8":0},"f":{"0":0},"b":{}}
,"C:\\Users\\User\\Documents\\GitHub\\stellar-burgers\\src\\components\\ui\\modal-overlay\\modal-overlay.tsx": {"path":"C:\\Users\\User\\Documents\\GitHub\\stellar-burgers\\src\\components\\ui\\modal-overlay\\modal-overlay.tsx","statementMap":{"0":{"start":{"line":1,"column":0},"end":{"line":1,"column":48}},"1":{"start":{"line":3,"column":30},"end":{"line":3,"column":null}},"2":{"start":{"line":3,"column":40},"end":{"line":3,"column":67}},"3":{"start":{"line":3,"column":72},"end":{"line":5,"column":2}},"4":{"start":{"line":3,"column":13},"end":{"line":3,"column":30}}},"fnMap":{"0":{"name":"(anonymous_1)","decl":{"start":{"line":3,"column":30},"end":{"line":3,"column":31}},"loc":{"start":{"line":3,"column":67},"end":{"line":3,"column":null}}}},"branchMap":{},"s":{"0":0,"1":0,"2":0,"3":0,"4":0},"f":{"0":0},"b":{}}
,"C:\\Users\\User\\Documents\\GitHub\\stellar-burgers\\src\\components\\ui\\order-card\\order-card.tsx": {"path":"C:\\Users\\User\\Documents\\GitHub\\stellar-burgers\\src\\components\\ui\\order-card\\order-card.tsx","statementMap":{"0":{"start":{"line":1,"column":0},"end":{"line":1,"column":40}},"1":{"start":{"line":2,"column":0},"end":{"line":2,"column":53}},"2":{"start":{"line":3,"column":0},"end":{"line":3,"column":null}},"3":{"start":{"line":8,"column":0},"end":{"line":8,"column":45}},"4":{"start":{"line":10,"column":0},"end":{"line":10,"column":42}},"5":{"start":{"line":12,"column":13},"end":{"line":82,"column":2}},"6":{"start":{"line":13,"column":14},"end":{"line":13,"column":16}},"7":{"start":{"line":13,"column":30},"end":{"line":13,"column":32}},"8":{"start":{"line":13,"column":45},"end":{"line":13,"column":47}},"9":{"start":{"line":14,"column":25},"end":{"line":14,"column":39}},"10":{"start":{"line":16,"column":4},"end":{"line":80,"column":6}},"11":{"start":{"line":40,"column":29},"end":{"line":40,"column":51}},"12":{"start":{"line":41,"column":28},"end":{"line":41,"column":38}},"13":{"start":{"line":42,"column":14},"end":{"line":67,"column":16}}},"fnMap":{"0":{"name":"(anonymous_7)","decl":{"start":{"line":13,"column":2},"end":{"line":13,"column":3}},"loc":{"start":{"line":13,"column":47},"end":{"line":81,"column":3}}},"1":{"name":"(anonymous_8)","decl":{"start":{"line":39,"column":45},"end":{"line":39,"column":46}},"loc":{"start":{"line":39,"column":63},"end":{"line":68,"column":13}}}},"branchMap":{"0":{"loc":{"start":{"line":34,"column":9},"end":{"line":35,"column":null}},"type":"binary-expr","locations":[{"start":{"line":34,"column":9},"end":{"line":34,"column":39}},{"start":{"line":35,"column":10},"end":{"line":35,"column":51}}]},"1":{"loc":{"start":{"line":51,"column":24},"end":{"line":53,"column":31}},"type":"cond-expr","locations":[{"start":{"line":52,"column":28},"end":{"line":52,"column":33}},{"start":{"line":53,"column":28},"end":{"line":53,"column":31}}]},"2":{"loc":{"start":{"line":51,"column":24},"end":{"line":51,"column":73}},"type":"binary-expr","locations":[{"start":{"line":51,"column":24},"end":{"line":51,"column":41}},{"start":{"line":51,"column":45},"end":{"line":51,"column":73}}]},"3":{"loc":{"start":{"line":59,"column":19},"end":{"line":65,"column":26}},"type":"cond-expr","locations":[{"start":{"line":60,"column":20},"end":{"line":63,"column":null}},{"start":{"line":65,"column":22},"end":{"line":65,"column":26}}]},"4":{"loc":{"start":{"line":63,"column":23},"end":{"line":63,"column":77}},"type":"cond-expr","locations":[{"start":{"line":63,"column":47},"end":{"line":63,"column":70}},{"start":{"line":63,"column":73},"end":{"line":63,"column":77}}]}},"s":{"0":0,"1":0,"2":0,"3":0,"4":0,"5":0,"6":0,"7":0,"8":0,"9":0,"10":0,"11":0,"12":0,"13":0},"f":{"0":0,"1":0},"b":{"0":[0,0],"1":[0,0],"2":[0,0],"3":[0,0],"4":[0,0]}}
,"C:\\Users\\User\\Documents\\GitHub\\stellar-burgers\\src\\components\\ui\\order-details\\order-details.tsx": {"path":"C:\\Users\\User\\Documents\\GitHub\\stellar-burgers\\src\\components\\ui\\order-details\\order-details.tsx","statementMap":{"0":{"start":{"line":1,"column":0},"end":{"line":1,"column":26}},"1":{"start":{"line":2,"column":0},"end":{"line":2,"column":48}},"2":{"start":{"line":3,"column":0},"end":{"line":3,"column":47}},"3":{"start":{"line":6,"column":61},"end":{"line":8,"column":null}},"4":{"start":{"line":7,"column":13},"end":{"line":7,"column":null}},"5":{"start":{"line":8,"column":6},"end":{"line":29,"column":2}},"6":{"start":{"line":6,"column":13},"end":{"line":6,"column":61}}},"fnMap":{"0":{"name":"(anonymous_1)","decl":{"start":{"line":6,"column":61},"end":{"line":6,"column":62}},"loc":{"start":{"line":8,"column":1},"end":{"line":8,"column":null}}}},"branchMap":{"0":{"loc":{"start":{"line":14,"column":7},"end":{"line":14,"column":24}},"type":"cond-expr","locations":[{"start":{"line":14,"column":7},"end":{"line":14,"column":18}},{"start":{"line":14,"column":22},"end":{"line":14,"column":24}}]},"1":{"loc":{"start":{"line":14,"column":7},"end":{"line":14,"column":22}},"type":"binary-expr","locations":[{"start":{"line":14,"column":7},"end":{"line":14,"column":22}},{"start":{"line":14,"column":7},"end":{"line":14,"column":22}}]}},"s":{"0":0,"1":0,"2":0,"3":0,"4":0,"5":0,"6":0},"f":{"0":0},"b":{"0":[0,0],"1":[0,0]}}
[...]
d":{"line":236,"column":37}},"94":{"start":{"line":237,"column":6},"end":{"line":237,"column":34}},"95":{"start":{"line":223,"column":13},"end":{"line":223,"column":32}},"96":{"start":{"line":242,"column":26},"end":{"line":243,"column":18}},"97":{"start":{"line":243,"column":2},"end":{"line":248,"column":5}},"98":{"start":{"line":242,"column":13},"end":{"line":242,"column":26}},"99":{"start":{"line":250,"column":29},"end":{"line":251,"column":18}},"100":{"start":{"line":251,"column":2},"end":{"line":258,"column":5}},"101":{"start":{"line":250,"column":13},"end":{"line":250,"column":29}},"102":{"start":{"line":260,"column":25},"end":{"line":261,"column":7}},"103":{"start":{"line":261,"column":2},"end":{"line":272,"column":59}},"104":{"start":{"line":272,"column":18},"end":{"line":272,"column":58}},"105":{"start":{"line":260,"column":13},"end":{"line":260,"column":25}}},"fnMap":{"0":{"name":"(anonymous_15)","decl":{"start":{"line":7,"column":22},"end":{"line":7,"column":26}},"loc":{"start":{"line":7,"column":39},"end":{"line":8,"column":5}}},"1":{"name":"(anonymous_16)","decl":{"start":{"line":8,"column":40},"end":{"line":8,"column":41}},"loc":{"start":{"line":8,"column":44},"end":{"line":8,"column":56}}},"2":{"name":"(anonymous_17)","decl":{"start":{"line":19,"column":21},"end":{"line":19,"column":22}},"loc":{"start":{"line":19,"column":59},"end":{"line":22,"column":1}}},"3":{"name":"(anonymous_18)","decl":{"start":{"line":24,"column":26},"end":{"line":24,"column":27}},"loc":{"start":{"line":24,"column":45},"end":{"line":24,"column":null}}},"4":{"name":"(anonymous_19)","decl":{"start":{"line":29,"column":28},"end":{"line":29,"column":null}},"loc":{"start":{"line":29,"column":28},"end":{"line":30,"column":7}}},"5":{"name":"(anonymous_20)","decl":{"start":{"line":42,"column":10},"end":{"line":42,"column":11}},"loc":{"start":{"line":42,"column":14},"end":{"line":42,"column":32}}},"6":{"name":"(anonymous_21)","decl":{"start":{"line":43,"column":10},"end":{"line":43,"column":11}},"loc":{"start":{"line":43,"column":22},"end":{"line":51,"column":5}}},"7":{"name":"(anonymous_22)","decl":{"start":{"line":53,"column":32},"end":{"line":53,"column":null}},"loc":{"start":{"line":55,"column":22},"end":{"line":76,"column":2}}},"8":{"name":"(anonymous_23)","decl":{"start":{"line":55,"column":22},"end":{"line":55,"column":null}},"loc":{"start":{"line":55,"column":22},"end":{"line":76,"column":2}}},"9":{"name":"(anonymous_25)","decl":{"start":{"line":92,"column":33},"end":{"line":92,"column":null}},"loc":{"start":{"line":92,"column":33},"end":{"line":93,"column":7}}},"10":{"name":"(anonymous_26)","decl":{"start":{"line":94,"column":10},"end":{"line":94,"column":11}},"loc":{"start":{"line":94,"column":14},"end":{"line":94,"column":32}}},"11":{"name":"(anonymous_27)","decl":{"start":{"line":95,"column":10},"end":{"line":95,"column":11}},"loc":{"start":{"line":95,"column":15},"end":{"line":98,"column":5}}},"12":{"name":"(anonymous_28)","decl":{"start":{"line":100,"column":27},"end":{"line":100,"column":null}},"loc":{"start":{"line":100,"column":27},"end":{"line":101,"column":7}}},"13":{"name":"(anonymous_29)","decl":{"start":{"line":102,"column":10},"end":{"line":102,"column":11}},"loc":{"start":{"line":102,"column":14},"end":{"line":102,"column":32}}},"14":{"name":"(anonymous_30)","decl":{"start":{"line":103,"column":10},"end":{"line":103,"column":11}},"loc":{"start":{"line":103,"column":15},"end":{"line":106,"column":5}}},"15":{"name":"(anonymous_31)","decl":{"start":{"line":108,"column":28},"end":{"line":108,"column":null}},"loc":{"start":{"line":108,"column":28},"end":{"line":109,"column":18}}},"16":{"name":"(anonymous_32)","decl":{"start":{"line":115,"column":10},"end":{"line":115,"column":11}},"loc":{"start":{"line":115,"column":15},"end":{"line":118,"column":3}}},"17":{"name":"(anonymous_33)","decl":{"start":{"line":125,"column":30},"end":{"line":125,"column":31}},"loc":{"start":{"line":125,"column":45},"end":{"line":126,"column":18}}},"18":{"name":"(anonymous_34)","decl":{"start":{"line":135,"column":10},"end":{"line":135,"column":11}},"loc":{"start":{"line":135,"column":15},"end":{"line":138,"column":3}}},"19":{"name":"(anonymous_35)","decl":{"start":{"line":144,"column":35},"end":{"line":144,"column":36}},"loc":{"start":{"line":144,"column":50},"end":{"line":145,"column":7}}},"20":{"name":"(anonymous_36)","decl":{"start":{"line":153,"column":9},"end":{"line":153,"column":10}},"loc":{"start":{"line":153,"column":13},"end":{"line":153,"column":31}}},"21":{"name":"(anonymous_37)","decl":{"start":{"line":167,"column":31},"end":{"line":167,"column":32}},"loc":{"start":{"line":167,"column":51},"end":{"line":168,"column":7}}},"22":{"name":"(anonymous_38)","decl":{"start":{"line":178,"column":10},"end":{"line":178,"column":11}},"loc":{"start":{"line":178,"column":14},"end":{"line":178,"column":32}}},"23":{"name":"(anonymous_39)","decl":{"start":{"line":179,"column":10},"end":{"line":179,"column":11}},"loc":{"start":{"line":179,"column":15},"end":{"line":182,"column":5}}},"24":{"name":"(anonymous_40)","decl":{"start":{"line":189,"column":28},"end":{"line":189,"column":29}},"loc":{"start":{"line":189,"column":45},"end":{"line":190,"column":7}}},"25":{"name":"(anonymous_41)","decl":{"start":{"line":200,"column":10},"end":{"line":200,"column":11}},"loc":{"start":{"line":200,"column":14},"end":{"line":200,"column":32}}},"26":{"name":"(anonymous_42)","decl":{"start":{"line":201,"column":10},"end":{"line":201,"column":11}},"loc":{"start":{"line":201,"column":15},"end":{"line":204,"column":5}}},"27":{"name":"(anonymous_43)","decl":{"start":{"line":206,"column":33},"end":{"line":206,"column":34}},"loc":{"start":{"line":206,"column":57},"end":{"line":207,"column":7}}},"28":{"name":"(anonymous_44)","decl":{"start":{"line":217,"column":10},"end":{"line":217,"column":11}},"loc":{"start":{"line":217,"column":14},"end":{"line":217,"column":32}}},"29":{"name":"(anonymous_45)","decl":{"start":{"line":218,"column":10},"end":{"line":218,"column":11}},"loc":{"start":{"line":218,"column":15},"end":{"line":221,"column":5}}},"30":{"name":"(anonymous_46)","decl":{"start":{"line":223,"column":32},"end":{"line":223,"column":33}},"loc":{"start":{"line":223,"column":74},"end":{"line":224,"column":7}}},"31":{"name":"(anonymous_47)","decl":{"start":{"line":234,"column":10},"end":{"line":234,"column":11}},"loc":{"start":{"line":234,"column":14},"end":{"line":234,"column":32}}},"32":{"name":"(anonymous_48)","decl":{"start":{"line":235,"column":10},"end":{"line":235,"column":11}},"loc":{"start":{"line":235,"column":15},"end":{"line":238,"column":5}}},"33":{"name":"(anonymous_49)","decl":{"start":{"line":242,"column":26},"end":{"line":242,"column":null}},"loc":{"start":{"line":242,"column":26},"end":{"line":243,"column":18}}},"34":{"name":"(anonymous_50)","decl":{"start":{"line":250,"column":29},"end":{"line":250,"column":30}},"loc":{"start":{"line":250,"column":58},"end":{"line":251,"column":18}}},"35":{"name":"(anonymous_51)","decl":{"start":{"line":260,"column":25},"end":{"line":260,"column":null}},"loc":{"start":{"line":260,"column":25},"end":{"line":261,"column":7}}},"36":{"name":"(anonymous_52)","decl":{"start":{"line":272,"column":9},"end":{"line":272,"column":10}},"loc":{"start":{"line":272,"column":13},"end":{"line":272,"column":31}}}},"branchMap":{"0":{"loc":{"start":{"line":5,"column":2},"end":{"line":5,"column":71}},"type":"binary-expr","locations":[{"start":{"line":5,"column":2},"end":{"line":5,"column":28}},{"start":{"line":5,"column":32},"end":{"line":5,"column":71}}]},"1":{"loc":{"start":{"line":8,"column":2},"end":{"line":8,"column":69}},"type":"cond-expr","locations":[{"start":{"line":8,"column":11},"end":{"line":8,"column":21}},{"start":{"line":8,"column":24},"end":{"line":8,"column":69}}]},"2":{"loc":{"start":{"line":20,"column":2},"end":{"line":20,"column":29}},"type":"if","locations":[{"start":{"line":20,"column":2},"end":{"line":20,"column":29}}]},"3":{"loc":{"start":{"line":21,"column":9},"end":{"line":21,"column":79}},"type":"cond-expr","locations":[{"start":{"line":21,"column":44},"end":{"line":21,"column":54}},{"start":{"line":21,"column":57},"end":{"line":21,"column":79}}]},"4":{"loc":{"start":{"line":44,"column":6},"end":{"line":46,"column":7}},"type":"if","locations":[{"start":{"line":44,"column":6},"end":{"line":46,"column":7}}]},"5":{"loc":{"start":{"line":61,"column":4},"end":{"line":61,"column":39}},"type":"switch","locations":[{"start":{"line":61,"column":4},"end":{"line":61,"column":39}},{"start":{"line":71,"column":6},"end":{"line":71,"column":43}},{"start":{"line":73,"column":6},"end":{"line":73,"column":33}}]},"6":{"loc":{"start":{"line":63,"column":8},"end":{"line":63,"column":11}},"type":"if","locations":[{"start":{"line":63,"column":8},"end":{"line":63,"column":11}}]},"7":{"loc":{"start":{"line":63,"column":8},"end":{"line":63,"column":20}},"type":"cond-expr","locations":[{"start":{"line":63,"column":11},"end":{"line":63,"column":13}},{"start":{"line":63,"column":8},"end":{"line":63,"column":20}}]},"8":{"loc":{"start":{"line":63,"column":8},"end":{"line":63,"column":13}},"type":"binary-expr","locations":[{"start":{"line":63,"column":8},"end":{"line":63,"column":13}},{"start":{"line":63,"column":8},"end":{"line":63,"column":13}}]},"9":{"loc":{"start":{"line":65,"column":23},"end":{"line":65,"column":68}},"type":"binary-expr","locations":[{"start":{"line":65,"column":23},"end":{"line":65,"column":62}},{"start":{"line":65,"column":66},"end":{"line":65,"column":68}}]},"10":{"loc":{"start":{"line":96,"column":6},"end":{"line":96,"column":42}},"type":"if","locations":[{"start":{"line":96,"column":6},"end":{"line":96,"column":42}}]},"11":{"loc":{"start":{"line":96,"column":10},"end":{"line":96,"column":23}},"type":"cond-expr","locations":[{"start":{"line":96,"column":14},"end":{"line":96,"column":16}},{"start":{"line":96,"column":10},"end":{"line":96,"column":23}}]},"12":{"loc":{"start":{"line":96,"column":10},"end":{"line":96,"column":16}},"type":"binary-expr","locations":[{"start":{"line":96,"column":10},"end":{"line":96,"column":16}},{"start":{"line":96,"column":10},"end":{"line":96,"column":16}}]},"13":{"loc":{"start":{"line":104,"column":6},"end":{"line":104,"column":37}},"type":"if","locations":[{"start":{"line":104,"column":6},"end":{"line":104,"column":37}}]},"14":{"loc":{"start":{"line":104,"column":10},"end":{"line":104,"column":23}},"type":"cond-expr","locations":[{"start":{"line":104,"column":14},"end":{"line":104,"column":16}},{"start":{"line":104,"column":10},"end":{"line":104,"column":23}}]},"15":{"loc":{"start":{"line":104,"column":10},"end":{"line":104,"column":16}},"type":"binary-expr","locations":[{"start":{"line":104,"column":10},"end":{"line":104,"column":16}},{"start":{"line":104,"column":10},"end":{"line":104,"column":16}}]},"16":{"loc":{"start":{"line":116,"column":4},"end":{"line":116,"column":42}},"type":"if","locations":[{"start":{"line":116,"column":4},"end":{"line":116,"column":42}}]},"17":{"loc":{"start":{"line":116,"column":8},"end":{"line":116,"column":21}},"type":"cond-expr","locations":[{"start":{"line":116,"column":12},"end":{"line":116,"column":14}},{"start":{"line":116,"column":8},"end":{"line":116,"column":21}}]},"18":{"loc":{"start":{"line":116,"column":8},"end":{"line":116,"column":14}},"type":"binary-expr","locations":[{"start":{"line":116,"column":8},"end":{"line":116,"column":14}},{"start":{"line":116,"column":8},"end":{"line":116,"column":14}}]},"19":{"loc":{"start":{"line":136,"column":4},"end":{"line":136,"column":35}},"type":"if","locations":[{"start":{"line":136,"column":4},"end":{"line":136,"column":35}}]},"20":{"loc":{"start":{"line":136,"column":8},"end":{"line":136,"column":21}},"type":"cond-expr","locations":[{"start":{"line":136,"column":12},"end":{"line":136,"column":14}},{"start":{"line":136,"column":8},"end":{"line":136,"column":21}}]},"21":{"loc":{"start":{"line":136,"column":8},"end":{"line":136,"column":14}},"type":"binary-expr","locations":[{"start":{"line":136,"column":8},"end":{"line":136,"column":14}},{"start":{"line":136,"column":8},"end":{"line":136,"column":14}}]},"22":{"loc":{"start":{"line":180,"column":6},"end":{"line":180,"column":37}},"type":"if","locations":[{"start":{"line":180,"column":6},"end":{"line":180,"column":37}}]},"23":{"loc":{"start":{"line":180,"column":10},"end":{"line":180,"column":23}},"type":"cond-expr","locations":[{"start":{"line":180,"column":14},"end":{"line":180,"column":16}},{"start":{"line":180,"column":10},"end":{"line":180,"column":23}}]},"24":{"loc":{"start":{"line":180,"column":10},"end":{"line":180,"column":16}},"type":"binary-expr","locations":[{"start":{"line":180,"column":10},"end":{"line":180,"column":16}},{"start":{"line":180,"column":10},"end":{"line":180,"column":16}}]},"25":{"loc":{"start":{"line":202,"column":6},"end":{"line":202,"column":37}},"type":"if","locations":[{"start":{"line":202,"column":6},"end":{"line":202,"column":37}}]},"26":{"loc":{"start":{"line":202,"column":10},"end":{"line":202,"column":23}},"type":"cond-expr","locations":[{"start":{"line":202,"column":14},"end":{"line":202,"column":16}},{"start":{"line":202,"column":10},"end":{"line":202,"column":23}}]},"27":{"loc":{"start":{"line":202,"column":10},"end":{"line":202,"column":16}},"type":"binary-expr","locations":[{"start":{"line":202,"column":10},"end":{"line":202,"column":16}},{"start":{"line":202,"column":10},"end":{"line":202,"column":16}}]},"28":{"loc":{"start":{"line":219,"column":6},"end":{"line":219,"column":37}},"type":"if","locations":[{"start":{"line":219,"column":6},"end":{"line":219,"column":37}}]},"29":{"loc":{"start":{"line":219,"column":10},"end":{"line":219,"column":23}},"type":"cond-expr","locations":[{"start":{"line":219,"column":14},"end":{"line":219,"column":16}},{"start":{"line":219,"column":10},"end":{"line":219,"column":23}}]},"30":{"loc":{"start":{"line":219,"column":10},"end":{"line":219,"column":16}},"type":"binary-expr","locations":[{"start":{"line":219,"column":10},"end":{"line":219,"column":16}},{"start":{"line":219,"column":10},"end":{"line":219,"column":16}}]},"31":{"loc":{"start":{"line":236,"column":6},"end":{"line":236,"column":37}},"type":"if","locations":[{"start":{"line":236,"column":6},"end":{"line":236,"column":37}}]},"32":{"loc":{"start":{"line":236,"column":10},"end":{"line":236,"column":23}},"type":"cond-expr","locations":[{"start":{"line":236,"column":14},"end":{"line":236,"column":16}},{"start":{"line":236,"column":10},"end":{"line":236,"column":23}}]},"33":{"loc":{"start":{"line":236,"column":10},"end":{"line":236,"column":16}},"type":"binary-expr","locations":[{"start":{"line":236,"column":10},"end":{"line":236,"column":16}},{"start":{"line":236,"column":10},"end":{"line":236,"column":16}}]}},"s":{"0":4,"1":4,"2":4,"3":0,"4":0,"5":4,"6":0,"7":0,"8":0,"9":4,"10":0,"11":4,"12":0,"13":0,"14":0,"15":0,"16":0,"17":0,"18":0,"19":4,"20":4,"21":0,"22":0,"23":0,"24":0,"25":0,"26":0,"27":0,"28":0,"29":0,"30":0,"31":0,"32":0,"33":0,"34":0,"35":0,"36":0,"37":4,"38":4,"39":0,"40":0,"41":0,"42":0,"43":0,"44":4,"45":4,"46":0,"47":0,"48":0,"49":0,"50":0,"51":4,"52":4,"53":0,"54":0,"55":0,"56":0,"57":4,"58":4,"59":0,"60":0,"61":0,"62":0,"63":4,"64":4,"65":0,"66":0,"67":4,"68":4,"69":0,"70":0,"71":0,"72":0,"73":0,"74":4,"75":4,"76":0,"77":0,"78":0,"79":0,"80":0,"81":4,"82":4,"83":0,"84":0,"85":0,"86":0,"87":0,"88":4,"89":4,"90":0,"91":0,"92":0,"93":0,"94":0,"95":4,"96":4,"97":0,"98":4,"99":4,"100":0,"101":4,"102":4,"103":0,"104":0,"105":4},"f":{"0":0,"1":0,"2":0,"3":0,"4":0,"5":0,"6":0,"7":0,"8":0,"9":0,"10":0,"11":0,"12":0,"13":0,"14":0,"15":0,"16":0,"17":0,"18":0,"19":0,"20":0,"21":0,"22":0,"23":0,"24":0,"25":0,"26":0,"27":0,"28":0,"29":0,"30":0,"31":0,"32":0,"33":0,"34":0,"35":0,"36":0},"b":{"0":[4,4],"1":[0,0],"2":[0],"3":[0,0],"4":[0],"5":[0,0,0],"6":[0],"7":[0,0],"8":[0,0],"9":[0,0],"10":[0],"11":[0,0],"12":[0,0],"13":[0],"14":[0,0],"15":[0,0],"16":[0],"17":[0,0],"18":[0,0],"19":[0],"20":[0,0],"21":[0,0],"22":[0],"23":[0,0],"24":[0,0],"25":[0],"26":[0,0],"27":[0,0],"28":[0],"29":[0,0],"30":[0,0],"31":[0],"32":[0,0],"33":[0,0]}}
,"C:\\Users\\User\\Documents\\GitHub\\stellar-burgers\\src\\utils\\cookie.ts": {"path":"C:\\Users\\User\\Documents\\GitHub\\stellar-burgers\\src\\utils\\cookie.ts","statementMap":{"0":{"start":{"line":2,"column":18},"end":{"line":8,"column":null}},"1":{"start":{"line":10,"column":2},"end":{"line":10,"column":62}},"2":{"start":{"line":1,"column":0},"end":{"line":1,"column":16}},"3":{"start":{"line":16,"column":2},"end":{"line":16,"column":null}},"4":{"start":{"line":18,"column":2},"end":{"line":21,"column":4}},"5":{"start":{"line":23,"column":12},"end":{"line":23,"column":25}},"6":{"start":{"line":24,"column":2},"end":{"line":28,"column":3}},"7":{"start":{"line":25,"column":14},"end":{"line":25,"column":24}},"8":{"start":{"line":26,"column":4},"end":{"line":26,"column":40}},"9":{"start":{"line":27,"column":4},"end":{"line":27,"column":28}},"10":{"start":{"line":30,"column":2},"end":{"line":32,"column":3}},"11":{"start":{"line":31,"column":4},"end":{"line":31,"column":38}},"12":{"start":{"line":33,"column":2},"end":{"line":33,"column":36}},"13":{"start":{"line":34,"column":22},"end":{"line":34,"column":40}},"14":{"start":{"line":35,"column":2},"end":{"line":41,"column":3}},"15":{"start":{"line":36,"column":4},"end":{"line":36,"column":37}},"16":{"start":{"line":37,"column":22},"end":{"line":37,"column":37}},"17":{"start":{"line":38,"column":4},"end":{"line":40,"column":5}},"18":{"start":{"line":39,"column":6},"end":{"line":39,"column":39}},"19":{"start":{"line":42,"column":2},"end":{"line":42,"column":34}},"20":{"start":{"line":13,"column":0},"end":{"line":13,"column":16}},"21":{"start":{"line":46,"column":2},"end":{"line":46,"column":39}},"22":{"start":{"line":45,"column":0},"end":{"line":45,"column":16}}},"fnMap":{"0":{"name":"getCookie","decl":{"start":{"line":1,"column":16},"end":{"line":1,"column":25}},"loc":{"start":{"line":1,"column":38},"end":{"line":11,"column":1}}},"1":{"name":"setCookie","decl":{"start":{"line":13,"column":16},"end":{"line":13,"column":25}},"loc":{"start":{"line":16,"column":65},"end":{"line":43,"column":1}}},"2":{"name":"deleteCookie","decl":{"start":{"line":45,"column":16},"end":{"line":45,"column":28}},"loc":{"start":{"line":45,"column":41},"end":{"line":47,"column":1}}}},"branchMap":{"0":{"loc":{"start":{"line":10,"column":9},"end":{"line":10,"column":61}},"type":"cond-expr","locations":[{"start":{"line":10,"column":19},"end":{"line":10,"column":49}},{"start":{"line":10,"column":52},"end":{"line":10,"column":61}}]},"1":{"loc":{"start":{"line":16,"column":2},"end":{"line":16,"column":null}},"type":"if","locations":[{"start":{"line":16,"column":2},"end":{"line":16,"column":null}}]},"2":{"loc":{"start":{"line":24,"column":2},"end":{"line":28,"column":3}},"type":"if","locations":[{"start":{"line":24,"column":2},"end":{"line":28,"column":3}}]},"3":{"loc":{"start":{"line":24,"column":6},"end":{"line":24,"column":36}},"type":"binary-expr","locations":[{"start":{"line":24,"column":6},"end":{"line":24,"column":9}},{"start":{"line":24,"column":13},"end":{"line":24,"column":36}}]},"4":{"loc":{"start":{"line":30,"column":2},"end":{"line":32,"column":3}},"type":"if","locations":[{"start":{"line":30,"column":2},"end":{"line":32,"column":3}}]},"5":{"loc":{"start":{"line":30,"column":6},"end":{"line":30,"column":32}},"type":"binary-expr","locations":[{"start":{"line":30,"column":6},"end":{"line":30,"column":9}},{"start":{"line":30,"column":13},"end":{"line":30,"column":32}}]},"6":{"loc":{"start":{"line":38,"column":4},"end":{"line":40,"column":5}},"type":"if","locations":[{"start":{"line":38,"column":4},"end":{"line":40,"column":5}}]}},"s":{"0":0,"1":0,"2":4,"3":0,"4":0,"5":0,"6":0,"7":0,"8":0,"9":0,"10":0,"11":0,"12":0,"13":0,"14":0,"15":0,"16":0,"17":0,"18":0,"19":0,"20":4,"21":0,"22":4},"f":{"0":0,"1":0,"2":0},"b":{"0":[0,0],"1":[0],"2":[0],"3":[0,0],"4":[0],"5":[0,0],"6":[0]}}
}
